Epoch,Loss,Value
0,recon_loss,522.2851380378969
0,loss,-503.8237563922841
0,mi_loss,154.21466687930527
0,tc_loss,-147.9132302397041
0,dw_kl_loss,9.757759546720854
0,kl_loss,16.06625353328643
0,kl_loss_0,0.21453228010044945
0,kl_loss_1,0.22164998826400567
0,kl_loss_2,0.13965957081045516
0,kl_loss_3,0.42955570274423205
0,kl_loss_4,0.17240614686361563
0,kl_loss_5,0.20595033385700756
0,kl_loss_6,0.1446121022786184
0,kl_loss_7,0.17101380228996277
0,kl_loss_8,0.12354803749270016
0,kl_loss_9,0.918120365629914
0,kl_loss_10,0.23086073828400464
0,kl_loss_11,0.16751057120861226
0,kl_loss_12,0.23512035083546434
0,kl_loss_13,0.9834421572065161
0,kl_loss_14,0.18652528105804356
0,kl_loss_15,0.14159851215819838
0,kl_loss_16,0.27680958931144045
0,kl_loss_17,0.2750284182989309
0,kl_loss_18,0.15124697708875262
0,kl_loss_19,0.8634149058852144
0,kl_loss_20,0.17362684578264273
0,kl_loss_21,2.063725510692244
0,kl_loss_22,5.549645141808576
0,kl_loss_23,0.17413729009649126
0,kl_loss_24,0.23823200727021823
0,kl_loss_25,0.13156193416685827
0,kl_loss_26,0.4399510147951303
0,kl_loss_27,0.16889597034902984
0,kl_loss_28,0.23361616231180649
0,kl_loss_29,0.1326158363171803
0,kl_loss_30,0.25827544553065174
0,kl_loss_31,0.24936444525636972
1,recon_loss,465.29515846826695
1,loss,-557.7765701458019
1,mi_loss,154.54365383681431
1,tc_loss,-147.40746405816847
1,dw_kl_loss,1.6510713638797883
1,kl_loss,8.770055814455914
1,kl_loss_0,0.029868525152485215
1,kl_loss_1,0.01991007396430578
1,kl_loss_2,0.017069382743249015
1,kl_loss_3,0.6398965472816139
1,kl_loss_4,0.01804355301603835
1,kl_loss_5,0.03302716847348918
1,kl_loss_6,0.07238078001205639
1,kl_loss_7,0.036943597328518665
1,kl_loss_8,0.012864326817854758
1,kl_loss_9,1.1723637446280448
1,kl_loss_10,0.03614949669328428
1,kl_loss_11,0.045619837759483244
1,kl_loss_12,0.05443059968491716
1,kl_loss_13,1.0580630039656034
1,kl_loss_14,0.01814789556327366
1,kl_loss_15,0.013010962400585413
1,kl_loss_16,0.02684471287053599
1,kl_loss_17,0.029073232354255775
1,kl_loss_18,0.01588744603558093
1,kl_loss_19,0.9168561998234
1,kl_loss_20,0.02208718175308839
1,kl_loss_21,1.8888222216277994
1,kl_loss_22,2.323466585528466
1,kl_loss_23,0.024912102823896755
1,kl_loss_24,0.017395924328656127
1,kl_loss_25,0.017906765493574322
1,kl_loss_26,0.05926890525045574
1,kl_loss_27,0.02132188408605514
1,kl_loss_28,0.02386031650327226
1,kl_loss_29,0.024098877384457536
1,kl_loss_30,0.03064574916116012
1,kl_loss_31,0.049818235860076
2,recon_loss,455.27010977140037
2,loss,-566.9820486089235
2,mi_loss,154.62598993444956
2,tc_loss,-147.24473104169292
2,dw_kl_loss,1.079698884679425
2,kl_loss,8.45552949495213
2,kl_loss_0,0.015734935780206034
2,kl_loss_1,0.01133765418192632
2,kl_loss_2,0.009605943630900114
2,kl_loss_3,0.7077005393402551
2,kl_loss_4,0.009830535992839805
2,kl_loss_5,0.02021359217162895
2,kl_loss_6,0.11184889590868385
2,kl_loss_7,0.033347981080653205
2,kl_loss_8,0.00660399657233508
2,kl_loss_9,1.1842583812052203
2,kl_loss_10,0.016473075665373316
2,kl_loss_11,0.049559952691197395
2,kl_loss_12,0.05484980763366786
2,kl_loss_13,1.0617625178188406
2,kl_loss_14,0.00993397375268321
2,kl_loss_15,0.007601062458018542
2,kl_loss_16,0.012640437143804726
2,kl_loss_17,0.01968867898047451
2,kl_loss_18,0.0074734755751666845
2,kl_loss_19,0.9297014071095374
2,kl_loss_20,0.01362308621486669
2,kl_loss_21,1.878528787884661
2,kl_loss_22,2.052232757691414
2,kl_loss_23,0.01994930690915514
2,kl_loss_24,0.008739587848365147
2,kl_loss_25,0.009561119828954018
2,kl_loss_26,0.0649251880885292
2,kl_loss_27,0.014261680124427682
2,kl_loss_28,0.012768159955940259
2,kl_loss_29,0.017623978126193245
2,kl_loss_30,0.01774633501816581
2,kl_loss_31,0.06540267916536459
3,recon_loss,445.5491730064474
3,loss,-576.270025601951
3,mi_loss,154.6442089285902
3,tc_loss,-147.16709899902344
3,dw_kl_loss,0.8733854452448506
3,kl_loss,8.363530374342396
3,kl_loss_0,0.008929321415952696
3,kl_loss_1,0.007711330346102195
3,kl_loss_2,0.005983729486263568
3,kl_loss_3,0.7202700165010267
3,kl_loss_4,0.005958695271332818
3,kl_loss_5,0.012929463418581153
3,kl_loss_6,0.18481754183128316
3,kl_loss_7,0.03199916171230456
3,kl_loss_8,0.00430228725270999
3,kl_loss_9,1.200407136512059
3,kl_loss_10,0.008409327521960261
3,kl_loss_11,0.05643998012347247
3,kl_loss_12,0.033301373047413686
3,kl_loss_13,1.0481397083369635
3,kl_loss_14,0.006239563227951606
3,kl_loss_15,0.005060463265005139
3,kl_loss_16,0.007468260795889442
3,kl_loss_17,0.014309229842457239
3,kl_loss_18,0.004504308451257486
3,kl_loss_19,0.935237540032274
3,kl_loss_20,0.007717766213200746
3,kl_loss_21,1.8714278788976773
3,kl_loss_22,1.937742963273038
3,kl_loss_23,0.01578995428218316
3,kl_loss_24,0.005392547119759344
3,kl_loss_25,0.0055092202965170145
3,kl_loss_26,0.0831255106836237
3,kl_loss_27,0.009950491375670398
3,kl_loss_28,0.008316519934313512
3,kl_loss_29,0.01188093946085021
3,kl_loss_30,0.011424490683762136
3,kl_loss_31,0.0928336904254011
4,recon_loss,442.49217166385137
4,loss,-578.0385080698375
4,mi_loss,154.64805833971178
4,tc_loss,-146.99923153439084
4,dw_kl_loss,0.8151106502558734
4,kl_loss,8.445314340333681
4,kl_loss_0,0.005519030212953284
4,kl_loss_1,0.0049687064164695705
4,kl_loss_2,0.003952353599959531
4,kl_loss_3,0.7543121482874896
4,kl_loss_4,0.004113901046582976
4,kl_loss_5,0.008062180260045303
4,kl_loss_6,0.249596516707459
4,kl_loss_7,0.028214272952361688
4,kl_loss_8,0.0030521239921752668
4,kl_loss_9,1.236453023794535
4,kl_loss_10,0.004652199223385872
4,kl_loss_11,0.061356839718850885
4,kl_loss_12,0.014944478529631286
4,kl_loss_13,1.052016189936045
4,kl_loss_14,0.00447389895373301
4,kl_loss_15,0.0036502334062714836
4,kl_loss_16,0.004954348848125822
4,kl_loss_17,0.00961107669549214
4,kl_loss_18,0.0032043225182270684
4,kl_loss_19,0.9409349673503155
4,kl_loss_20,0.004234462358510575
4,kl_loss_21,1.8748947942579115
4,kl_loss_22,1.8934595468881967
4,kl_loss_23,0.010768065093135512
4,kl_loss_24,0.003753567484484331
4,kl_loss_25,0.003912796020960888
4,kl_loss_26,0.10860742920556583
4,kl_loss_27,0.006232913747127797
4,kl_loss_28,0.005858575229256137
4,kl_loss_29,0.007886189908242306
4,kl_loss_30,0.007374403771717806
4,kl_loss_31,0.12028881687972996
5,recon_loss,435.8978757140457
5,loss,-584.3477820939916
5,mi_loss,154.62031842303531
5,tc_loss,-146.95946494481896
5,dw_kl_loss,0.8097489912022826
5,kl_loss,8.464273147685553
5,kl_loss_0,0.0034710559205362395
5,kl_loss_1,0.003499081429664887
5,kl_loss_2,0.0028112282067717562
5,kl_loss_3,0.7496920247231761
5,kl_loss_4,0.003217914423364545
5,kl_loss_5,0.005476890085515396
5,kl_loss_6,0.28015609830617905
5,kl_loss_7,0.02136323630549414
5,kl_loss_8,0.0022539319295275914
5,kl_loss_9,1.2296864839010342
5,kl_loss_10,0.003080008778050141
5,kl_loss_11,0.08033901030418053
5,kl_loss_12,0.007994016137985532
5,kl_loss_13,1.0533796834048403
5,kl_loss_14,0.0031658238042846965
5,kl_loss_15,0.002651370365813535
5,kl_loss_16,0.003479200885981642
5,kl_loss_17,0.006102047403723563
5,kl_loss_18,0.002264502525870358
5,kl_loss_19,0.9535437934501196
5,kl_loss_20,0.0026094477563615767
5,kl_loss_21,1.8874992068095873
5,kl_loss_22,1.8741392051019976
5,kl_loss_23,0.007174673989685553
5,kl_loss_24,0.002705829149182205
5,kl_loss_25,0.0025771229780749767
5,kl_loss_26,0.11763192863473969
5,kl_loss_27,0.0036976769984629686
5,kl_loss_28,0.0042405297055900576
5,kl_loss_29,0.004766702810953301
5,kl_loss_30,0.005424693017767402
5,kl_loss_31,0.13417873076934328
6,recon_loss,435.43614147555445
6,loss,-584.5281219482422
6,mi_loss,154.66767899708083
6,tc_loss,-146.92791206605972
6,dw_kl_loss,0.7913549896529926
6,kl_loss,8.542992720039942
6,kl_loss_0,0.002510607266368004
6,kl_loss_1,0.0026141313300217673
6,kl_loss_2,0.0020017055256332282
6,kl_loss_3,0.7799027965914819
6,kl_loss_4,0.002406157938743471
6,kl_loss_5,0.004314107511202574
6,kl_loss_6,0.30359991792068686
6,kl_loss_7,0.01007615705396259
6,kl_loss_8,0.001777807025298957
6,kl_loss_9,1.2395500572778846
6,kl_loss_10,0.002360544384016545
6,kl_loss_11,0.10554513373282007
6,kl_loss_12,0.004696871533298925
6,kl_loss_13,1.061788470193904
6,kl_loss_14,0.002445376846158216
6,kl_loss_15,0.0020941824512055486
6,kl_loss_16,0.0028982012262267452
6,kl_loss_17,0.004071743416559873
6,kl_loss_18,0.0018046079003202018
6,kl_loss_19,0.9586842899681419
6,kl_loss_20,0.002007779428705333
6,kl_loss_21,1.8951597079153983
6,kl_loss_22,1.866168639993155
6,kl_loss_23,0.004514447718818662
6,kl_loss_24,0.0020182332880194147
6,kl_loss_25,0.0020021925522615354
6,kl_loss_26,0.12210441440824539
6,kl_loss_27,0.002193060678540058
6,kl_loss_28,0.003290787155199195
6,kl_loss_29,0.002649168917028013
6,kl_loss_30,0.0044343346249191996
6,kl_loss_31,0.1413070859527716
7,recon_loss,432.1000420355028
7,loss,-587.9539394583753
7,mi_loss,154.6786428472047
7,tc_loss,-146.93956748388146
7,dw_kl_loss,0.7839115225179221
7,kl_loss,8.540899499770134
7,kl_loss_0,0.0017850691595325066
7,kl_loss_1,0.001949703931728358
7,kl_loss_2,0.0016028926099440264
7,kl_loss_3,0.7876647842186754
7,kl_loss_4,0.0019064981888438906
7,kl_loss_5,0.003595573574765235
7,kl_loss_6,0.308081406499109
7,kl_loss_7,0.004171642742710569
7,kl_loss_8,0.0013489015300267486
7,kl_loss_9,1.2398903523722002
7,kl_loss_10,0.0018030493695449124
7,kl_loss_11,0.12078165975950098
7,kl_loss_12,0.0031050177220936104
7,kl_loss_13,1.0500312582139046
7,kl_loss_14,0.0019528860769545038
7,kl_loss_15,0.0016102640118489983
7,kl_loss_16,0.002451877098440403
7,kl_loss_17,0.0027127301167716744
7,kl_loss_18,0.0014233259003489248
7,kl_loss_19,0.9592720571384635
7,kl_loss_20,0.0015053084140182822
7,kl_loss_21,1.8932771919876017
7,kl_loss_22,1.8581293879016754
7,kl_loss_23,0.003087763475524562
7,kl_loss_24,0.001731983795311422
7,kl_loss_25,0.0015317869775738286
7,kl_loss_26,0.13149534566428073
7,kl_loss_27,0.0016733431682911931
7,kl_loss_28,0.002570915621735396
7,kl_loss_29,0.0016939387849522053
7,kl_loss_30,0.003573696266719571
7,kl_loss_31,0.1434878833912393
8,recon_loss,431.21212095855384
8,loss,-588.3351232056976
8,mi_loss,154.66933145830708
8,tc_loss,-146.87420317947223
8,dw_kl_loss,0.7770512661626262
8,kl_loss,8.586114257894536
8,kl_loss_0,0.0014158378452843717
8,kl_loss_1,0.0015132690877503446
8,kl_loss_2,0.001209659280345565
8,kl_loss_3,0.7898288891520552
8,kl_loss_4,0.0017370348783730658
8,kl_loss_5,0.003210246315105788
8,kl_loss_6,0.3407819364820757
8,kl_loss_7,0.0023875278558441867
8,kl_loss_8,0.0011637443125808752
8,kl_loss_9,1.2452727017864105
8,kl_loss_10,0.0014084840421214378
8,kl_loss_11,0.1359200840916044
8,kl_loss_12,0.002268304597706564
8,kl_loss_13,1.0536355885767168
8,kl_loss_14,0.001625728649487819
8,kl_loss_15,0.0013641648993436848
8,kl_loss_16,0.0021323619688290263
8,kl_loss_17,0.0020479102098252826
8,kl_loss_18,0.0011849464918737129
8,kl_loss_19,0.9710623958418446
8,kl_loss_20,0.0011881550120550297
8,kl_loss_21,1.9016490963197523
8,kl_loss_22,1.8345374823898397
8,kl_loss_23,0.0024592655483052454
8,kl_loss_24,0.001330680062403522
8,kl_loss_25,0.0012529088204265922
8,kl_loss_26,0.12910300781649928
8,kl_loss_27,0.0012499601993289206
8,kl_loss_28,0.002090312396576728
8,kl_loss_29,0.0012829927765133401
8,kl_loss_30,0.00302253710231193
8,kl_loss_31,0.14577703702674116
9,recon_loss,428.7383236446896
9,loss,-590.5424677668391
9,mi_loss,154.7095874683277
9,tc_loss,-146.84957217654667
9,dw_kl_loss,0.8061968165474969
9,kl_loss,8.659312408034866
9,kl_loss_0,0.0012005223087160975
9,kl_loss_1,0.0012998544661378538
9,kl_loss_2,0.0010510515723679518
9,kl_loss_3,0.802318787574768
9,kl_loss_4,0.0015178647320214156
9,kl_loss_5,0.00278724511153996
9,kl_loss_6,0.3570972235621633
9,kl_loss_7,0.0018331182138943995
9,kl_loss_8,0.001020982939548589
9,kl_loss_9,1.2599156582677686
9,kl_loss_10,0.0011349960708537618
9,kl_loss_11,0.14087486838972246
9,kl_loss_12,0.0019039780354580364
9,kl_loss_13,1.0606973844605523
9,kl_loss_14,0.0013662749549021593
9,kl_loss_15,0.0012001406250370516
9,kl_loss_16,0.0018347486425694581
9,kl_loss_17,0.0016960836430961216
9,kl_loss_18,0.0010678538322650098
9,kl_loss_19,0.9703888374405938
9,kl_loss_20,0.0009628121678188846
9,kl_loss_21,1.9121446796365686
9,kl_loss_22,1.8441760359583674
9,kl_loss_23,0.002140329224435059
9,kl_loss_24,0.0011980283162179026
9,kl_loss_25,0.0010998854879289866
9,kl_loss_26,0.13595760835183635
9,kl_loss_27,0.0011050477850477437
9,kl_loss_28,0.0018134289937144195
9,kl_loss_29,0.0010212693350842676
9,kl_loss_30,0.002561927545261947
9,kl_loss_31,0.14292385231804203
10,recon_loss,428.3055378903625
10,loss,-590.8434664818549
10,mi_loss,154.67349218553113
10,tc_loss,-146.83375803629556
10,dw_kl_loss,0.8475661503691827
10,kl_loss,8.706204281058362
10,kl_loss_0,0.001002459376249262
10,kl_loss_1,0.0011516085472859203
10,kl_loss_2,0.0008575856142366926
10,kl_loss_3,0.7977164730589877
10,kl_loss_4,0.0013501445089356713
10,kl_loss_5,0.0026507707780867975
10,kl_loss_6,0.36415976293945823
10,kl_loss_7,0.0014421214507291875
10,kl_loss_8,0.0008540106449095953
10,kl_loss_9,1.2469860193549946
10,kl_loss_10,0.0009780779208046614
10,kl_loss_11,0.14596385548832597
10,kl_loss_12,0.0015119253069422738
10,kl_loss_13,1.0623757627702528
10,kl_loss_14,0.0011197765149997287
10,kl_loss_15,0.0010198595775892177
10,kl_loss_16,0.0016799959484287488
10,kl_loss_17,0.0013956884585661434
10,kl_loss_18,0.0009518199692910877
10,kl_loss_19,0.9892152112017396
10,kl_loss_20,0.0008553468975268545
10,kl_loss_21,1.9384316263660308
10,kl_loss_22,1.849686329082776
10,kl_loss_23,0.001951478699582719
10,kl_loss_24,0.000995736035908903
10,kl_loss_25,0.0009697365839915571
10,kl_loss_26,0.13393671359987028
10,kl_loss_27,0.0009538819137159534
10,kl_loss_28,0.0016264332263099571
10,kl_loss_29,0.0008960438238817357
10,kl_loss_30,0.0023580066914800353
10,kl_loss_31,0.1491600332721587
11,recon_loss,427.7651741273942
11,loss,-590.7483257991012
11,mi_loss,154.66632482056977
11,tc_loss,-146.75052585396716
11,dw_kl_loss,0.8243822375292419
11,kl_loss,8.725938971324634
11,kl_loss_0,0.0009386275634570147
11,kl_loss_1,0.0009888367331837133
11,kl_loss_2,0.0007564898928306917
11,kl_loss_3,0.8174103754822926
11,kl_loss_4,0.001325078155865432
11,kl_loss_5,0.002641632722350218
11,kl_loss_6,0.35694132008219276
11,kl_loss_7,0.0012607520699040383
11,kl_loss_8,0.0007446642391764188
11,kl_loss_9,1.2602271008235153
11,kl_loss_10,0.0008805143967350965
11,kl_loss_11,0.16406358113532427
11,kl_loss_12,0.0012771557473267119
11,kl_loss_13,1.0664254311592347
11,kl_loss_14,0.0010286893305038252
11,kl_loss_15,0.0009151786548255753
11,kl_loss_16,0.0015676898158265538
11,kl_loss_17,0.0012193222690413715
11,kl_loss_18,0.0008700581815754694
11,kl_loss_19,0.9771986767168968
11,kl_loss_20,0.0007488820564141998
11,kl_loss_21,1.9163882072253893
11,kl_loss_22,1.8495753856115444
11,kl_loss_23,0.0018219643269955952
11,kl_loss_24,0.0009349283364210878
11,kl_loss_25,0.0008460218925529751
11,kl_loss_26,0.14300024665651784
11,kl_loss_27,0.0008067712951351398
11,kl_loss_28,0.0014409842207447016
11,kl_loss_29,0.0008455393422815589
11,kl_loss_30,0.002193490390024919
11,kl_loss_31,0.1486552998183235
12,recon_loss,422.9029060281733
12,loss,-595.9607242050992
12,mi_loss,154.667724937521
12,tc_loss,-146.79510571879726
12,dw_kl_loss,0.8294927774257558
12,kl_loss,8.706623182501843
12,kl_loss_0,0.0007276198418650736
12,kl_loss_1,0.0008761909607577548
12,kl_loss_2,0.0006653275240653305
12,kl_loss_3,0.8110797700061593
12,kl_loss_4,0.001219243223037851
12,kl_loss_5,0.0024558696345055617
12,kl_loss_6,0.36978724670986973
12,kl_loss_7,0.0010173665897880671
12,kl_loss_8,0.0006860683794804319
12,kl_loss_9,1.2566700731554339
12,kl_loss_10,0.0007343567865249771
12,kl_loss_11,0.16339235672707197
12,kl_loss_12,0.0010767829283991808
12,kl_loss_13,1.062965835935326
12,kl_loss_14,0.0008991770609031601
12,kl_loss_15,0.0008301927935912885
12,kl_loss_16,0.0014512432734131492
12,kl_loss_17,0.0010685215138339548
12,kl_loss_18,0.0007108655302555009
12,kl_loss_19,0.977610739648983
12,kl_loss_20,0.0006418262660923985
12,kl_loss_21,1.9208430353031363
12,kl_loss_22,1.8373466569890258
12,kl_loss_23,0.0016373722608731959
12,kl_loss_24,0.0007815850167585316
12,kl_loss_25,0.0007938831901898788
12,kl_loss_26,0.1348408522705237
12,kl_loss_27,0.0007201683374562411
12,kl_loss_28,0.0012456637404118015
12,kl_loss_29,0.0006976978783245369
12,kl_loss_30,0.0019349350396203257
12,kl_loss_31,0.14921460817417792
13,recon_loss,426.2337397093414
13,loss,-591.895750148322
13,mi_loss,154.6980735204553
13,tc_loss,-146.71074643699072
13,dw_kl_loss,0.8584094997695697
13,kl_loss,8.826111370517362
13,kl_loss_0,0.0007171927968801189
13,kl_loss_1,0.0007888418760010472
13,kl_loss_2,0.0005800051299194174
13,kl_loss_3,0.8286771104540877
13,kl_loss_4,0.0012052543711678315
13,kl_loss_5,0.0025014880298566754
13,kl_loss_6,0.4069616867489712
13,kl_loss_7,0.0009436747447277108
13,kl_loss_8,0.0006025489131789855
13,kl_loss_9,1.273222008700012
13,kl_loss_10,0.0006800559336840305
13,kl_loss_11,0.15772683908461885
13,kl_loss_12,0.0010458328072682664
13,kl_loss_13,1.0712712612203372
13,kl_loss_14,0.0008588001302253175
13,kl_loss_15,0.0007900779125511006
13,kl_loss_16,0.0014303820733461649
13,kl_loss_17,0.000965325887845729
13,kl_loss_18,0.0007106140418659134
13,kl_loss_19,0.9869892642062198
13,kl_loss_20,0.0005882649659930218
13,kl_loss_21,1.9234019299989105
13,kl_loss_22,1.856292184322111
13,kl_loss_23,0.0016423652689623576
13,kl_loss_24,0.0007200309310749334
13,kl_loss_25,0.0007036788519271599
13,kl_loss_26,0.14696908593978933
13,kl_loss_27,0.0006486274782688387
13,kl_loss_28,0.0010642375176151593
13,kl_loss_29,0.0006906544496755927
13,kl_loss_30,0.0018561191028184307
13,kl_loss_31,0.15286592538318328
14,recon_loss,426.43966130437076
14,loss,-592.057746845967
14,mi_loss,154.6948048359639
14,tc_loss,-146.75690282873205
14,dw_kl_loss,0.8630064888580425
14,kl_loss,8.800323223423314
14,kl_loss_0,0.0006537019778546449
14,kl_loss_1,0.0007409504967162738
14,kl_loss_2,0.0005776002122139609
14,kl_loss_3,0.8255308905163327
14,kl_loss_4,0.001150861815423579
14,kl_loss_5,0.002453188754215434
14,kl_loss_6,0.40631231705884674
14,kl_loss_7,0.0008358702554392654
14,kl_loss_8,0.0005493450469362574
14,kl_loss_9,1.2706916409569817
14,kl_loss_10,0.000658703945275094
14,kl_loss_11,0.1731259114436201
14,kl_loss_12,0.0008979071913337385
14,kl_loss_13,1.065950987790082
14,kl_loss_14,0.0008287879248225205
14,kl_loss_15,0.0007180119612933817
14,kl_loss_16,0.0013759646917114387
14,kl_loss_17,0.0008681960655628024
14,kl_loss_18,0.0006635577078103214
14,kl_loss_19,0.9854521761069427
14,kl_loss_20,0.0005676448471038728
14,kl_loss_21,1.931479642842267
14,kl_loss_22,1.837171899950182
14,kl_loss_23,0.0015730880314131846
14,kl_loss_24,0.0006592376170226851
14,kl_loss_25,0.0006491665250143489
14,kl_loss_26,0.13906038357196626
14,kl_loss_27,0.0005909654802667934
14,kl_loss_28,0.0009767834990713241
14,kl_loss_29,0.0006515674066503305
14,kl_loss_30,0.0017632594168488238
14,kl_loss_31,0.14514307375695254
15,recon_loss,423.92316510600426
15,loss,-594.8142969275034
15,mi_loss,154.72604657244938
15,tc_loss,-146.79152006744056
15,dw_kl_loss,0.8686483904559125
15,kl_loss,8.806605272395636
15,kl_loss_0,0.0006064333344599413
15,kl_loss_1,0.0006602169039549046
15,kl_loss_2,0.00048430574061449175
15,kl_loss_3,0.8261400871379401
15,kl_loss_4,0.0011453211610455826
15,kl_loss_5,0.002487671309931865
15,kl_loss_6,0.3952302889477822
15,kl_loss_7,0.0007870132604273416
15,kl_loss_8,0.0005236402910042514
15,kl_loss_9,1.2735172381965063
15,kl_loss_10,0.0006342787127841705
15,kl_loss_11,0.1701771250014664
15,kl_loss_12,0.00083366291527386
15,kl_loss_13,1.0744507460183994
15,kl_loss_14,0.0007418612035752464
15,kl_loss_15,0.0006816816861711202
15,kl_loss_16,0.0013953610498618374
15,kl_loss_17,0.0007962560649180124
15,kl_loss_18,0.0006315504746531607
15,kl_loss_19,0.9717501244878256
15,kl_loss_20,0.0004874905583859291
15,kl_loss_21,1.9349182683934447
15,kl_loss_22,1.8477361458604054
15,kl_loss_23,0.0015121123075024574
15,kl_loss_24,0.0006092341080988927
15,kl_loss_25,0.0006191737183760251
15,kl_loss_26,0.14445063519862392
15,kl_loss_27,0.0005555579060768729
15,kl_loss_28,0.0008848926192650231
15,kl_loss_29,0.0005529823134683313
15,kl_loss_30,0.0017275949501963231
15,kl_loss_31,0.14887630294567794
16,recon_loss,424.59369011335474
16,loss,-593.3759302939138
16,mi_loss,154.72994453676284
16,tc_loss,-146.69804144418367
16,dw_kl_loss,0.8847687000869423
16,kl_loss,8.913918546451036
16,kl_loss_0,0.0005697981148998264
16,kl_loss_1,0.000603011058222863
16,kl_loss_2,0.00046276093100107484
16,kl_loss_3,0.8482229818579972
16,kl_loss_4,0.0011330895158412155
16,kl_loss_5,0.002480911840784854
16,kl_loss_6,0.43103152505492653
16,kl_loss_7,0.0006954178905054446
16,kl_loss_8,0.0005185655305682812
16,kl_loss_9,1.2792711488662227
16,kl_loss_10,0.000573643475710865
16,kl_loss_11,0.1781000753323878
16,kl_loss_12,0.0007910982640560275
16,kl_loss_13,1.0736054284598238
16,kl_loss_14,0.0006859832135359607
16,kl_loss_15,0.0006810508590812484
16,kl_loss_16,0.001388017124476372
16,kl_loss_17,0.0007420386405541531
16,kl_loss_18,0.0006057362094701778
16,kl_loss_19,0.9949143535347396
16,kl_loss_20,0.00048669100168251224
16,kl_loss_21,1.9512299510740465
16,kl_loss_22,1.8432523165979693
16,kl_loss_23,0.0014647773782452268
16,kl_loss_24,0.0005566769777747092
16,kl_loss_25,0.0005864062814682883
16,kl_loss_26,0.14216764892141023
16,kl_loss_27,0.0005478363869691729
16,kl_loss_28,0.0008123866357510128
16,kl_loss_29,0.0005180863000112034
16,kl_loss_30,0.0015636652993458893
16,kl_loss_31,0.15365553058443532
17,recon_loss,420.63833503312964
17,loss,-598.132106001659
17,mi_loss,154.75879685596755
17,tc_loss,-146.80408953594906
17,dw_kl_loss,0.9034783716804238
17,kl_loss,8.842845593729328
17,kl_loss_0,0.0005559545255676713
17,kl_loss_1,0.0005877166235398861
17,kl_loss_2,0.00044568094690280253
17,kl_loss_3,0.8297449920767097
17,kl_loss_4,0.001048371452407571
17,kl_loss_5,0.002413011201086544
17,kl_loss_6,0.41547194163325013
17,kl_loss_7,0.0006348732708682937
17,kl_loss_8,0.0004521208559913981
17,kl_loss_9,1.2681348907050265
17,kl_loss_10,0.0005142065503644527
17,kl_loss_11,0.18833041699823513
17,kl_loss_12,0.0007089567408266087
17,kl_loss_13,1.0732528980701201
17,kl_loss_14,0.0006749353732072538
17,kl_loss_15,0.0006218595199927848
17,kl_loss_16,0.0013133924822473237
17,kl_loss_17,0.000660441268826284
17,kl_loss_18,0.0005800630972390213
17,kl_loss_19,0.9844439436671555
17,kl_loss_20,0.00046191946227824496
17,kl_loss_21,1.9574269325502458
17,kl_loss_22,1.8277605624609097
17,kl_loss_23,0.0013481961220242484
17,kl_loss_24,0.0005371952329271583
17,kl_loss_25,0.00053966029732418
17,kl_loss_26,0.13267899951547063
17,kl_loss_27,0.0005147664279486704
17,kl_loss_28,0.0007188992326959006
17,kl_loss_29,0.0004985107331767038
17,kl_loss_30,0.0015320630546318747
17,kl_loss_31,0.14823724762085946
18,recon_loss,423.01778436476184
18,loss,-594.5576729723202
18,mi_loss,154.6939214891003
18,tc_loss,-146.64507170646422
18,dw_kl_loss,0.8911948285756572
18,kl_loss,8.928642219112765
18,kl_loss_0,0.0005807157578347351
18,kl_loss_1,0.0005228660740358855
18,kl_loss_2,0.00042280958594894535
18,kl_loss_3,0.842563493277437
18,kl_loss_4,0.0011657474710235513
18,kl_loss_5,0.0026466932400600403
18,kl_loss_6,0.4369403671032639
18,kl_loss_7,0.0005897346418350935
18,kl_loss_8,0.000492489069289658
18,kl_loss_9,1.2938576372720862
18,kl_loss_10,0.0005217563981811205
18,kl_loss_11,0.18480912976527727
18,kl_loss_12,0.0007409510898694235
18,kl_loss_13,1.0831923068210643
18,kl_loss_14,0.0006295528302910508
18,kl_loss_15,0.0006083680619736032
18,kl_loss_16,0.0013687319988484985
18,kl_loss_17,0.0006400038781125218
18,kl_loss_18,0.0005773277077022739
18,kl_loss_19,0.9927173256874084
18,kl_loss_20,0.0004261526509478528
18,kl_loss_21,1.9374903914748982
18,kl_loss_22,1.8426609032897538
18,kl_loss_23,0.001365128586629546
18,kl_loss_24,0.0005181693942636572
18,kl_loss_25,0.000555603848820332
18,kl_loss_26,0.14522540657430566
18,kl_loss_27,0.000482565241425188
18,kl_loss_28,0.0006697972966057639
18,kl_loss_29,0.0004690407665186031
18,kl_loss_30,0.0015892540204829426
18,kl_loss_31,0.15160180251764996
19,recon_loss,419.671817758921
19,loss,-598.3178829708614
19,mi_loss,154.6916459367082
19,tc_loss,-146.69918740762247
19,dw_kl_loss,0.9121494260994164
19,kl_loss,8.88272152720271
19,kl_loss_0,0.0005090775849247301
19,kl_loss_1,0.0005245833871634425
19,kl_loss_2,0.00039622606206181886
19,kl_loss_3,0.8413936302468583
19,kl_loss_4,0.0011182588046869716
19,kl_loss_5,0.0026335712585195494
19,kl_loss_6,0.41183512927712623
19,kl_loss_7,0.0005510800769804298
19,kl_loss_8,0.0004315290688159498
19,kl_loss_9,1.269116971299455
19,kl_loss_10,0.00046960750997469234
19,kl_loss_11,0.1847512111067772
19,kl_loss_12,0.0006884351435646012
19,kl_loss_13,1.086740612339329
19,kl_loss_14,0.0006071765957450545
19,kl_loss_15,0.000585534266271704
19,kl_loss_16,0.0013646619658715822
19,kl_loss_17,0.0005736182833946234
19,kl_loss_18,0.0005456621016098841
19,kl_loss_19,0.9884856807219016
19,kl_loss_20,0.0004110731159311694
19,kl_loss_21,1.9526518866822526
19,kl_loss_22,1.8332074725950087
19,kl_loss_23,0.001292176198566685
19,kl_loss_24,0.00047322298727325493
19,kl_loss_25,0.0005141989957239177
19,kl_loss_26,0.14575605146788262
19,kl_loss_27,0.0004456109556092604
19,kl_loss_28,0.000651841887549774
19,kl_loss_29,0.00043958303191371864
19,kl_loss_30,0.0014309983310365193
19,kl_loss_31,0.1521251553216496
20,recon_loss,421.94220019925024
20,loss,-596.2781163697601
20,mi_loss,154.73457754811932
20,tc_loss,-146.73215566655642
20,dw_kl_loss,0.90235277641845
20,kl_loss,8.910899813457203
20,kl_loss_0,0.0004925982280564245
20,kl_loss_1,0.0004983031571472204
20,kl_loss_2,0.0003787388158861988
20,kl_loss_3,0.8396453569012303
20,kl_loss_4,0.0011198705410264353
20,kl_loss_5,0.0027106794170654747
20,kl_loss_6,0.4276392996631643
20,kl_loss_7,0.0005446391503116297
20,kl_loss_8,0.00043106709872322375
20,kl_loss_9,1.283815203174468
20,kl_loss_10,0.0004591269966875834
20,kl_loss_11,0.18126334598468197
20,kl_loss_12,0.000683369949930698
20,kl_loss_13,1.074770801490353
20,kl_loss_14,0.0005869760255639752
20,kl_loss_15,0.0005434358139492331
20,kl_loss_16,0.0013437220133260214
20,kl_loss_17,0.0005517107376989017
20,kl_loss_18,0.0005246877059420591
20,kl_loss_19,0.9838772159750744
20,kl_loss_20,0.00040534349228505805
20,kl_loss_21,1.96483511758107
20,kl_loss_22,1.8478061300452038
20,kl_loss_23,0.0012448697353422801
20,kl_loss_24,0.000457368295399412
20,kl_loss_25,0.000489224334277453
20,kl_loss_26,0.14109477829388392
20,kl_loss_27,0.00041045081020603256
20,kl_loss_28,0.000604953326445113
20,kl_loss_29,0.00044200454853595263
20,kl_loss_30,0.00142790560775827
20,kl_loss_31,0.14980146859682375
21,recon_loss,419.21184597220474
21,loss,-598.9063865087365
21,mi_loss,154.69955313077537
21,tc_loss,-146.71756129111014
21,dw_kl_loss,0.9227047248553204
21,kl_loss,8.895111155766314
21,kl_loss_0,0.0004792468151658453
21,kl_loss_1,0.00044280147275096304
21,kl_loss_2,0.00036929328475267655
21,kl_loss_3,0.8369261212246393
21,kl_loss_4,0.0010733160513242887
21,kl_loss_5,0.0026705283033210906
21,kl_loss_6,0.4200147080325311
21,kl_loss_7,0.0005020727854101888
21,kl_loss_8,0.00039589283762559775
21,kl_loss_9,1.2791096901380887
21,kl_loss_10,0.00042903825881019714
21,kl_loss_11,0.18027191240620868
21,kl_loss_12,0.0006292205722001131
21,kl_loss_13,1.0773366830682243
21,kl_loss_14,0.000553699255350136
21,kl_loss_15,0.0005223378413907623
21,kl_loss_16,0.0013007248841947125
21,kl_loss_17,0.0004959031551455458
21,kl_loss_18,0.0005126594332978129
21,kl_loss_19,0.9835005460246917
21,kl_loss_20,0.0003829044740526907
21,kl_loss_21,1.9485716986399826
21,kl_loss_22,1.8469271755987597
21,kl_loss_23,0.0011647562133348596
21,kl_loss_24,0.00043943502329370026
21,kl_loss_25,0.00047425260537013573
21,kl_loss_26,0.15077678194289568
21,kl_loss_27,0.00041088241813403944
21,kl_loss_28,0.0005529644856509823
21,kl_loss_29,0.0004089054268514437
21,kl_loss_30,0.0013409805388980977
21,kl_loss_31,0.1561240302498943
22,recon_loss,421.77337761335474
22,loss,-596.0830668787802
22,mi_loss,154.68735069356939
22,tc_loss,-146.68346281974547
22,dw_kl_loss,0.923904501622723
22,kl_loss,8.918957764102567
22,kl_loss_0,0.00044687268304167895
22,kl_loss_1,0.0004494358805478901
22,kl_loss_2,0.0003256481992060779
22,kl_loss_3,0.8396559008347091
22,kl_loss_4,0.001066353890584201
22,kl_loss_5,0.0028371292289086085
22,kl_loss_6,0.43516152888856907
22,kl_loss_7,0.0004541010305445681
22,kl_loss_8,0.0003823939790969254
22,kl_loss_9,1.278200347577372
22,kl_loss_10,0.0004038628308422944
22,kl_loss_11,0.19595468789339066
22,kl_loss_12,0.0006206038355406734
22,kl_loss_13,1.0850032603227964
22,kl_loss_14,0.000510717725871952
22,kl_loss_15,0.0005175552083059184
22,kl_loss_16,0.0013358529709700134
22,kl_loss_17,0.0005031994228521662
22,kl_loss_18,0.0005113441041440412
22,kl_loss_19,0.9921005159936925
22,kl_loss_20,0.00035587143808883686
22,kl_loss_21,1.9452472707276702
22,kl_loss_22,1.8330137729644775
22,kl_loss_23,0.0011249100614178886
22,kl_loss_24,0.0004438833741631399
22,kl_loss_25,0.00047619912713285417
22,kl_loss_26,0.1439081344312878
22,kl_loss_27,0.0003993665068460408
22,kl_loss_28,0.0005670326276211649
22,kl_loss_29,0.00038694065209398027
22,kl_loss_30,0.0013485345563861312
22,kl_loss_31,0.15524448967108162
23,recon_loss,424.4917431903142
23,loss,-593.0149700205814
23,mi_loss,154.71017209945185
23,tc_loss,-146.64613096175654
23,dw_kl_loss,0.9521633979453835
23,kl_loss,9.026082349079912
23,kl_loss_0,0.0004451695969828995
23,kl_loss_1,0.0004147062408587625
23,kl_loss_2,0.00033160856604496
23,kl_loss_3,0.8656556785747569
23,kl_loss_4,0.0010527273419723717
23,kl_loss_5,0.002916812573769881
23,kl_loss_6,0.44835623714231676
23,kl_loss_7,0.0004470838366516976
23,kl_loss_8,0.0004167337138305909
23,kl_loss_9,1.290850732916145
23,kl_loss_10,0.0003811056532907069
23,kl_loss_11,0.21088883701351382
23,kl_loss_12,0.0006206740227137362
23,kl_loss_13,1.0848163020226262
23,kl_loss_14,0.0005431137928959503
23,kl_loss_15,0.0005033264432342783
23,kl_loss_16,0.001307901823692905
23,kl_loss_17,0.00046319844481605357
23,kl_loss_18,0.0005249618602696285
23,kl_loss_19,1.0007773557657837
23,kl_loss_20,0.00032869525634313145
23,kl_loss_21,1.972977101802826
23,kl_loss_22,1.8324850656652962
23,kl_loss_23,0.0011533319146462505
23,kl_loss_24,0.00042226559843026824
23,kl_loss_25,0.0005002754880616101
23,kl_loss_26,0.1472353240855599
23,kl_loss_27,0.00035370193466904663
23,kl_loss_28,0.0005308519610734557
23,kl_loss_29,0.00037241111364295725
23,kl_loss_30,0.0013514628248309257
23,kl_loss_31,0.15665760712437732
24,recon_loss,422.3286992253484
24,loss,-595.5085534997888
24,mi_loss,154.7277583766628
24,tc_loss,-146.68951251055742
24,dw_kl_loss,0.9510904041496483
24,kl_loss,8.975666649277146
24,kl_loss_0,0.00043924412111172805
24,kl_loss_1,0.00041456710094132937
24,kl_loss_2,0.00035438469510424783
24,kl_loss_3,0.8488195802714373
24,kl_loss_4,0.0011318441946059465
24,kl_loss_5,0.0031804493980834613
24,kl_loss_6,0.4319026362251591
24,kl_loss_7,0.0004214677934509677
24,kl_loss_8,0.00040329049240697077
24,kl_loss_9,1.2836799995319264
24,kl_loss_10,0.0003664978301605663
24,kl_loss_11,0.20285704075484662
24,kl_loss_12,0.000601823246609923
24,kl_loss_13,1.0802668600469023
24,kl_loss_14,0.0005580189033738665
24,kl_loss_15,0.0004794787816904687
24,kl_loss_16,0.0013925030248592028
24,kl_loss_17,0.00041619221226790466
24,kl_loss_18,0.0005284302754680047
24,kl_loss_19,0.9903713899689752
24,kl_loss_20,0.00033887838315520735
24,kl_loss_21,1.9779223126334113
24,kl_loss_22,1.8415661695841197
24,kl_loss_23,0.0011733799656802738
24,kl_loss_24,0.00038923846205344073
24,kl_loss_25,0.00044049631074272297
24,kl_loss_26,0.14528559696029972
24,kl_loss_27,0.00037712855138690083
24,kl_loss_28,0.0005148246469026482
24,kl_loss_29,0.0003592536281290892
24,kl_loss_30,0.0014080082192211537
24,kl_loss_31,0.15730565639363753
25,recon_loss,416.4112063172043
25,loss,-601.4191540133569
25,mi_loss,154.6936050743185
25,tc_loss,-146.68302335021318
25,dw_kl_loss,0.940217734664999
25,kl_loss,8.956948277770833
25,kl_loss_0,0.00043541854698090786
25,kl_loss_1,0.000390993220911872
25,kl_loss_2,0.0003274849513345348
25,kl_loss_3,0.8565002593301958
25,kl_loss_4,0.0010983553259403154
25,kl_loss_5,0.003129393630911426
25,kl_loss_6,0.42984193050733177
25,kl_loss_7,0.0003876480554300611
25,kl_loss_8,0.0003620372466763021
25,kl_loss_9,1.2876680608718627
25,kl_loss_10,0.0003658515759192968
25,kl_loss_11,0.17753626414204157
25,kl_loss_12,0.0005561046562688325
25,kl_loss_13,1.0898327116043336
25,kl_loss_14,0.0005260091950936664
25,kl_loss_15,0.0004889111082139675
25,kl_loss_16,0.0013437257023147678
25,kl_loss_17,0.0004032631980515616
25,kl_loss_18,0.0005308832104508114
25,kl_loss_19,0.9997646135668601
25,kl_loss_20,0.0003153242981962619
25,kl_loss_21,1.9604562937572438
25,kl_loss_22,1.8353090433664219
25,kl_loss_23,0.0010838525630133126
25,kl_loss_24,0.0003748888510369485
25,kl_loss_25,0.00044886454043569423
25,kl_loss_26,0.14932525374235645
25,kl_loss_27,0.00037305919148067953
25,kl_loss_28,0.0004820715503326507
25,kl_loss_29,0.00035183701003270766
25,kl_loss_30,0.0013297112465846122
25,kl_loss_31,0.1556081912450252
26,recon_loss,419.8493225753948
26,loss,-597.9849778042045
26,mi_loss,154.6995332779423
26,tc_loss,-146.68280718403477
26,dw_kl_loss,0.9286230895467984
26,kl_loss,8.951836311688988
26,kl_loss_0,0.0004041421925649047
26,kl_loss_1,0.00040681962354449175
26,kl_loss_2,0.00030685080620910854
26,kl_loss_3,0.8492911291378801
26,kl_loss_4,0.0010765200375669425
26,kl_loss_5,0.003099337391685494
26,kl_loss_6,0.4230321746680044
26,kl_loss_7,0.00038741409443118557
26,kl_loss_8,0.00036389811304948663
26,kl_loss_9,1.276328927727156
26,kl_loss_10,0.00035000061591265985
26,kl_loss_11,0.18192184592286745
26,kl_loss_12,0.0005307443895607546
26,kl_loss_13,1.0925823459702153
26,kl_loss_14,0.0005145262105650799
26,kl_loss_15,0.000475510844700439
26,kl_loss_16,0.0012989310805575662
26,kl_loss_17,0.0003811252836678778
26,kl_loss_18,0.0005075160403966263
26,kl_loss_19,0.9942907559615309
26,kl_loss_20,0.000308911119567691
26,kl_loss_21,1.977731841866688
26,kl_loss_22,1.8442871121950046
26,kl_loss_23,0.000995398950963331
26,kl_loss_24,0.0003699440852067964
26,kl_loss_25,0.00042154140374873594
26,kl_loss_26,0.15164881672269553
26,kl_loss_27,0.0003597587334512863
26,kl_loss_28,0.00045810753895190136
26,kl_loss_29,0.0003329114763126258
26,kl_loss_30,0.0012773045586542257
26,kl_loss_31,0.14609414214889208
27,recon_loss,415.97584189138104
27,loss,-601.6864023516255
27,mi_loss,154.71217083674605
27,tc_loss,-146.6682108397125
27,dw_kl_loss,0.9712713586707269
27,kl_loss,9.0128714371753
27,kl_loss_0,0.0004264841554686427
27,kl_loss_1,0.0003987317979936638
27,kl_loss_2,0.00031740664784866637
27,kl_loss_3,0.8542127865616993
27,kl_loss_4,0.0011229985931848166
27,kl_loss_5,0.0032556633807979125
27,kl_loss_6,0.4414323339218734
27,kl_loss_7,0.0003780553440353082
27,kl_loss_8,0.00035817761685178487
27,kl_loss_9,1.2839087991304294
27,kl_loss_10,0.00035778375002004767
27,kl_loss_11,0.2042223505916134
27,kl_loss_12,0.0005274061388987046
27,kl_loss_13,1.0868202906142
27,kl_loss_14,0.0005216357243117146
27,kl_loss_15,0.0004720823959477486
27,kl_loss_16,0.0013586581867408528
27,kl_loss_17,0.0003605766925379954
27,kl_loss_18,0.0004984752815817633
27,kl_loss_19,0.9901799806343612
27,kl_loss_20,0.0003053166976158497
27,kl_loss_21,1.9937534274593476
27,kl_loss_22,1.8291822748799478
27,kl_loss_23,0.0010865278196551145
27,kl_loss_24,0.0003754530647789599
27,kl_loss_25,0.00041301964697057524
27,kl_loss_26,0.15318006553476857
27,kl_loss_27,0.0003501401490642018
27,kl_loss_28,0.00048578912217009775
27,kl_loss_29,0.00034470575791533276
27,kl_loss_30,0.0013062806314318091
27,kl_loss_31,0.16095776150944413
28,recon_loss,415.91053755565355
28,loss,-601.8063315114667
28,mi_loss,154.69095102945963
28,tc_loss,-146.67310407084804
28,dw_kl_loss,0.9770111787703729
28,kl_loss,8.985041203037385
28,kl_loss_0,0.0003915258360305621
28,kl_loss_1,0.0003861704170303319
28,kl_loss_2,0.00027705135665112926
28,kl_loss_3,0.8448056046680738
28,kl_loss_4,0.0011355301555526513
28,kl_loss_5,0.00332408442827923
28,kl_loss_6,0.4598907267534605
28,kl_loss_7,0.00034974941418015507
28,kl_loss_8,0.0003646293614980995
28,kl_loss_9,1.2766000596425866
28,kl_loss_10,0.00033446129096011
28,kl_loss_11,0.20376623734351126
28,kl_loss_12,0.0005063725965878655
28,kl_loss_13,1.0946371161168622
28,kl_loss_14,0.000496028575755816
28,kl_loss_15,0.0004301578650170917
28,kl_loss_16,0.0013273477664477722
28,kl_loss_17,0.00035743893409568455
28,kl_loss_18,0.0004756825547965784
28,kl_loss_19,0.9890068618841069
28,kl_loss_20,0.00032454360807214374
28,kl_loss_21,1.9738065555531492
28,kl_loss_22,1.829198399538635
28,kl_loss_23,0.0010441044590846506
28,kl_loss_24,0.00036701082467271756
28,kl_loss_25,0.0004097917880762809
28,kl_loss_26,0.14603247553590806
28,kl_loss_27,0.0003623110292259083
28,kl_loss_28,0.0004605559747345665
28,kl_loss_29,0.000327395319047394
28,kl_loss_30,0.0012868491629819557
28,kl_loss_31,0.15255838584515355
29,recon_loss,419.49348243507177
29,loss,-597.6344350453969
29,mi_loss,154.6980083568676
29,tc_loss,-146.59851486618453
29,dw_kl_loss,0.9621926322176649
29,kl_loss,9.054048056215853
29,kl_loss_0,0.0003941881998970702
29,kl_loss_1,0.00036070840936657547
29,kl_loss_2,0.0002848573696069621
29,kl_loss_3,0.8629897604117522
29,kl_loss_4,0.0010995446993793184
29,kl_loss_5,0.003479585942585726
29,kl_loss_6,0.46224752390706864
29,kl_loss_7,0.00034013555787906454
29,kl_loss_8,0.0003724743234547409
29,kl_loss_9,1.297005068289267
29,kl_loss_10,0.0003503377561935702
29,kl_loss_11,0.20311180635078532
29,kl_loss_12,0.0005274544306401465
29,kl_loss_13,1.0991623614285444
29,kl_loss_14,0.0005036127111698325
29,kl_loss_15,0.0004220458376850631
29,kl_loss_16,0.0013185347707287685
29,kl_loss_17,0.0003381161132475009
29,kl_loss_18,0.0004636134046155053
29,kl_loss_19,0.9872395180367135
29,kl_loss_20,0.00031441152599212286
29,kl_loss_21,1.967111290467752
29,kl_loss_22,1.8461141766728582
29,kl_loss_23,0.0009369423524854151
29,kl_loss_24,0.00036956018868934465
29,kl_loss_25,0.00039185089109515823
29,kl_loss_26,0.15620454533680064
29,kl_loss_27,0.0003330208864566442
29,kl_loss_28,0.000466668072181779
29,kl_loss_29,0.0003278525609120324
29,kl_loss_30,0.0012691694576091863
29,kl_loss_31,0.15819732945513082
30,recon_loss,418.16322638398856
30,loss,-599.4181943503759
30,mi_loss,154.71866771739016
30,tc_loss,-146.65815259051578
30,dw_kl_loss,0.9651335053225999
30,kl_loss,9.02395970590653
30,kl_loss_0,0.0004198828734637749
30,kl_loss_1,0.0003582771344270597
30,kl_loss_2,0.00027852573917718025
30,kl_loss_3,0.853465312270708
30,kl_loss_4,0.0010421640697806593
30,kl_loss_5,0.003575234642622852
30,kl_loss_6,0.46920694514948835
30,kl_loss_7,0.0003348685192665265
30,kl_loss_8,0.0003581006012316192
30,kl_loss_9,1.2967710334767577
30,kl_loss_10,0.00033206048782073684
30,kl_loss_11,0.18761196720503992
30,kl_loss_12,0.0005048214663220669
30,kl_loss_13,1.0832498858692825
30,kl_loss_14,0.00047753327551187686
30,kl_loss_15,0.0004172312428734155
30,kl_loss_16,0.0013007884369462088
30,kl_loss_17,0.00033960683065997337
30,kl_loss_18,0.0004411844977287836
30,kl_loss_19,0.9929412811674098
30,kl_loss_20,0.0002887889064387769
30,kl_loss_21,1.9592618307759684
30,kl_loss_22,1.8388914581268065
30,kl_loss_23,0.0009482013805198573
30,kl_loss_24,0.0003387881818437769
30,kl_loss_25,0.0003850078235270195
30,kl_loss_26,0.1597847868838618
30,kl_loss_27,0.0003371493733157554
30,kl_loss_28,0.0004412802474533198
30,kl_loss_29,0.0003115895870191756
30,kl_loss_30,0.0012587045860146322
30,kl_loss_31,0.16828543392400588
31,recon_loss,417.9281964045699
31,loss,-599.5475066810526
31,mi_loss,154.72063495266823
31,tc_loss,-146.64690874981625
31,dw_kl_loss,0.9789359236276278
31,kl_loss,9.031833612790672
31,kl_loss_0,0.00039298106886206133
31,kl_loss_1,0.00032170878357744667
31,kl_loss_2,0.0002680672996086619
31,kl_loss_3,0.8582837886066847
31,kl_loss_4,0.0010583336097038081
31,kl_loss_5,0.0035735247181027485
31,kl_loss_6,0.4559936787011803
31,kl_loss_7,0.0003380104173375394
31,kl_loss_8,0.0003980639721116712
31,kl_loss_9,1.2975117724428895
31,kl_loss_10,0.0003022432843002901
31,kl_loss_11,0.19967400939554297
31,kl_loss_12,0.00047948387932152516
31,kl_loss_13,1.0916177409310495
31,kl_loss_14,0.0004262736277474511
31,kl_loss_15,0.00043595459948103595
31,kl_loss_16,0.0013382753372312554
31,kl_loss_17,0.0003308696129048864
31,kl_loss_18,0.00045093953464260344
31,kl_loss_19,0.9915473291309931
31,kl_loss_20,0.0002894811607616883
31,kl_loss_21,1.9712324334729103
31,kl_loss_22,1.8303977577917037
31,kl_loss_23,0.0008985654373342792
31,kl_loss_24,0.0003257307627048063
31,kl_loss_25,0.00038202585882797676
31,kl_loss_26,0.15609661105179018
31,kl_loss_27,0.0003224563214086717
31,kl_loss_28,0.0004177410793941348
31,kl_loss_29,0.0002928966423496604
31,kl_loss_30,0.0012981515948570544
31,kl_loss_31,0.165136773619921
32,recon_loss,409.7538739276189
32,loss,-608.1119283040365
32,mi_loss,154.68916911463583
32,tc_loss,-146.69140034337198
32,dw_kl_loss,0.9762308293132371
32,kl_loss,8.978235308841992
32,kl_loss_0,0.0003582936553885379
32,kl_loss_1,0.00034045022837216814
32,kl_loss_2,0.000275830991105527
32,kl_loss_3,0.8607780106606022
32,kl_loss_4,0.0010651209309036212
32,kl_loss_5,0.003750726504261375
32,kl_loss_6,0.4415788768279937
32,kl_loss_7,0.00032317487558009483
32,kl_loss_8,0.0003598508204744067
32,kl_loss_9,1.3029424336648756
32,kl_loss_10,0.00030984177744837216
32,kl_loss_11,0.195331372320652
32,kl_loss_12,0.0004738075783856774
32,kl_loss_13,1.0805345661537622
32,kl_loss_14,0.0004428165554199167
32,kl_loss_15,0.00042928155055970595
32,kl_loss_16,0.0013001335306613835
32,kl_loss_17,0.0003185349338818141
32,kl_loss_18,0.00043179566836765696
32,kl_loss_19,0.9702926294137073
32,kl_loss_20,0.00026530983372120766
32,kl_loss_21,1.9826458122140618
32,kl_loss_22,1.8182949013607477
32,kl_loss_23,0.0009009839781630103
32,kl_loss_24,0.0003141391013438503
32,kl_loss_25,0.0003738318049218706
32,kl_loss_26,0.15934012449717008
32,kl_loss_27,0.00030077786950935277
32,kl_loss_28,0.00039021919671726485
32,kl_loss_29,0.0002823944105916927
32,kl_loss_30,0.0012618624993289511
32,kl_loss_31,0.15222740173339844
33,recon_loss,416.2396991688718
33,loss,-601.0897807459677
33,mi_loss,154.70785842403288
33,tc_loss,-146.62838113436135
33,dw_kl_loss,0.9897122469640547
33,kl_loss,9.06817227537914
33,kl_loss_0,0.00035092782389412644
33,kl_loss_1,0.00033593249397091966
33,kl_loss_2,0.0002787874207922047
33,kl_loss_3,0.8775518235339913
33,kl_loss_4,0.0010548802167778054
33,kl_loss_5,0.0036049699298136176
33,kl_loss_6,0.4583752246633653
33,kl_loss_7,0.00034236570104195546
33,kl_loss_8,0.00033666118378600766
33,kl_loss_9,1.3006816038521387
33,kl_loss_10,0.00029364029841838024
33,kl_loss_11,0.21282538667481432
33,kl_loss_12,0.00046460079379700205
33,kl_loss_13,1.0844097807202289
33,kl_loss_14,0.00041437021742064145
33,kl_loss_15,0.00041243714726059346
33,kl_loss_16,0.0012309545443283134
33,kl_loss_17,0.0003038685423352065
33,kl_loss_18,0.00040993571121205566
33,kl_loss_19,0.9898178987605597
33,kl_loss_20,0.00027451102787088004
33,kl_loss_21,1.9794015724171874
33,kl_loss_22,1.8326538865284254
33,kl_loss_23,0.0008613036554907599
33,kl_loss_24,0.00033456263738253743
33,kl_loss_25,0.000364411911446481
33,kl_loss_26,0.15559124634150537
33,kl_loss_27,0.00031093367680867193
33,kl_loss_28,0.00039718169043020853
33,kl_loss_29,0.00028409005858765174
33,kl_loss_30,0.0012124842495947917
33,kl_loss_31,0.16299002080835323
34,recon_loss,415.486374148807
34,loss,-602.0574683936867
34,mi_loss,154.68523988466006
34,tc_loss,-146.6504828375739
34,dw_kl_loss,0.9747790320499523
34,kl_loss,8.997684014810098
34,kl_loss_0,0.0003674624248634319
34,kl_loss_1,0.0003388992485565108
34,kl_loss_2,0.0002532848194744941
34,kl_loss_3,0.8603636635316385
34,kl_loss_4,0.0011785890277777168
34,kl_loss_5,0.004381543134867742
34,kl_loss_6,0.4388817584997899
34,kl_loss_7,0.0003292007220757974
34,kl_loss_8,0.0003405577905878827
34,kl_loss_9,1.2843907188724828
34,kl_loss_10,0.0002942118516846283
34,kl_loss_11,0.21881902616571736
34,kl_loss_12,0.00046720322397713726
34,kl_loss_13,1.0863474333608472
34,kl_loss_14,0.00043352318524911596
34,kl_loss_15,0.00042956671425821007
34,kl_loss_16,0.001408869500045438
34,kl_loss_17,0.0003101829754037632
34,kl_loss_18,0.0004570848207820106
34,kl_loss_19,0.9862825757748371
34,kl_loss_20,0.000276101559299875
34,kl_loss_21,1.9718751340299039
34,kl_loss_22,1.8278665433058867
34,kl_loss_23,0.0009230034941857731
34,kl_loss_24,0.0003137581214006688
34,kl_loss_25,0.00035440125376791565
34,kl_loss_26,0.15638180282470343
34,kl_loss_27,0.00033486739833008596
34,kl_loss_28,0.00038004707469529395
34,kl_loss_29,0.0002822063334688947
34,kl_loss_30,0.0014162282522365047
34,kl_loss_31,0.15120458069282608
35,recon_loss,418.0975561654696
35,loss,-599.6003017630628
35,mi_loss,154.73607758552797
35,tc_loss,-146.6752474384923
35,dw_kl_loss,0.9680440518804776
35,kl_loss,9.038570404052734
35,kl_loss_0,0.00032894647935585627
35,kl_loss_1,0.00033028271444822833
35,kl_loss_2,0.0002705470661342304
35,kl_loss_3,0.8571144297558774
35,kl_loss_4,0.0011161747250846156
35,kl_loss_5,0.0043560448002510814
35,kl_loss_6,0.44631691341118146
35,kl_loss_7,0.0003235419894198096
35,kl_loss_8,0.00033482659347755934
35,kl_loss_9,1.2968435313111992
35,kl_loss_10,0.0003247878411584484
35,kl_loss_11,0.21033562839992584
35,kl_loss_12,0.00048463645901891493
35,kl_loss_13,1.0895296085265376
35,kl_loss_14,0.0004138569810718138
35,kl_loss_15,0.0004190799982977971
35,kl_loss_16,0.0013768195189655789
35,kl_loss_17,0.0003275394199355956
35,kl_loss_18,0.0004304825210623363
35,kl_loss_19,0.9934079848950909
35,kl_loss_20,0.00027277424020232053
35,kl_loss_21,1.980378762368233
35,kl_loss_22,1.8391601436881608
35,kl_loss_23,0.0008660131534661657
35,kl_loss_24,0.0003064661612233488
35,kl_loss_25,0.0003724791001909042
35,kl_loss_26,0.16014338521066532
35,kl_loss_27,0.0003315723471103176
35,kl_loss_28,0.000389574088096138
35,kl_loss_29,0.0002773932108695629
35,kl_loss_30,0.0012878560691431005
35,kl_loss_31,0.15039827238007258
36,recon_loss,418.68721500519786
36,loss,-598.6902277136362
36,mi_loss,154.72698022985972
36,tc_loss,-146.6352055867513
36,dw_kl_loss,0.9772207688900733
36,kl_loss,9.075369552899433
36,kl_loss_0,0.000343268799785805
36,kl_loss_1,0.0003359349311820121
36,kl_loss_2,0.00025950003069855515
36,kl_loss_3,0.8578574288916844
36,kl_loss_4,0.0010605151013981912
36,kl_loss_5,0.004427279184211886
36,kl_loss_6,0.45729580609708703
36,kl_loss_7,0.00030205150194946795
36,kl_loss_8,0.0003466378454299223
36,kl_loss_9,1.3080638608624857
36,kl_loss_10,0.0002932883210740583
36,kl_loss_11,0.20915955072769554
36,kl_loss_12,0.0004982810081934095
36,kl_loss_13,1.1010330764837162
36,kl_loss_14,0.0004273438025065648
36,kl_loss_15,0.00039313747347282464
36,kl_loss_16,0.0013240394695732062
36,kl_loss_17,0.0002913515181130459
36,kl_loss_18,0.00040733325921039106
36,kl_loss_19,0.9944044646396432
36,kl_loss_20,0.000259602855470392
36,kl_loss_21,1.986365419562145
36,kl_loss_22,1.83076391297002
36,kl_loss_23,0.000885553337553496
36,kl_loss_24,0.0003251511120407652
36,kl_loss_25,0.00035375733834801503
36,kl_loss_26,0.1539060581195098
36,kl_loss_27,0.0003014462048648506
36,kl_loss_28,0.00037573066024330036
36,kl_loss_29,0.0002728236416074377
36,kl_loss_30,0.0012811553546838383
36,kl_loss_31,0.16175479261625197
37,recon_loss,412.3384356755082
37,loss,-605.4279168241767
37,mi_loss,154.68457630116453
37,tc_loss,-146.67716930758567
37,dw_kl_loss,0.9664235026926122
37,kl_loss,8.990738443149034
37,kl_loss_0,0.0003530475378577267
37,kl_loss_1,0.0003183520316416698
37,kl_loss_2,0.000245493139460763
37,kl_loss_3,0.8573410216198173
37,kl_loss_4,0.0009689950233986301
37,kl_loss_5,0.004111471081462999
37,kl_loss_6,0.4368017653143534
37,kl_loss_7,0.00030830591761817533
37,kl_loss_8,0.0003187794686465334
37,kl_loss_9,1.2817794251185592
37,kl_loss_10,0.00028977412430028764
37,kl_loss_11,0.2146721170233783
37,kl_loss_12,0.00046663292338170354
37,kl_loss_13,1.0967940540723904
37,kl_loss_14,0.0004002376902668226
37,kl_loss_15,0.000373909135990005
37,kl_loss_16,0.0011979801122159247
37,kl_loss_17,0.00027771913121023804
37,kl_loss_18,0.00038154220198511436
37,kl_loss_19,0.9829265702796238
37,kl_loss_20,0.00026729929896812606
37,kl_loss_21,1.9904887650602607
37,kl_loss_22,1.8142440492107021
37,kl_loss_23,0.0008116878020847517
37,kl_loss_24,0.0002835638588294387
37,kl_loss_25,0.00033011839735091374
37,kl_loss_26,0.15316587638470433
37,kl_loss_27,0.0002883672150933454
37,kl_loss_28,0.00035473399905748266
37,kl_loss_29,0.00026991857110612817
37,kl_loss_30,0.001211154026790492
37,kl_loss_31,0.14869571899774894
38,recon_loss,413.54762005549605
38,loss,-604.1629449987925
38,mi_loss,154.75118903703586
38,tc_loss,-146.68088031071488
38,dw_kl_loss,0.9852929615205334
38,kl_loss,9.065069706209245
38,kl_loss_0,0.00031607781326578507
38,kl_loss_1,0.0002755213088245802
38,kl_loss_2,0.00023990838728364436
38,kl_loss_3,0.8687064356060439
38,kl_loss_4,0.0009746709137514073
38,kl_loss_5,0.00442580211537099
38,kl_loss_6,0.4533918468702224
38,kl_loss_7,0.00028690609139620616
38,kl_loss_8,0.00034496250627462263
38,kl_loss_9,1.3072205589663597
38,kl_loss_10,0.0002935239694692114
38,kl_loss_11,0.21108576583285485
38,kl_loss_12,0.0004640942769906213
38,kl_loss_13,1.0862052286824873
38,kl_loss_14,0.00042502808644967054
38,kl_loss_15,0.0003684823881954916
38,kl_loss_16,0.001195543690995183
38,kl_loss_17,0.00026039604438088274
38,kl_loss_18,0.0003527879191722761
38,kl_loss_19,0.9907499410772836
38,kl_loss_20,0.00027441966187168835
38,kl_loss_21,1.9951496547268284
38,kl_loss_22,1.8218919743773758
38,kl_loss_23,0.000835436329956577
38,kl_loss_24,0.0002975102854512071
38,kl_loss_25,0.0003544388686917642
38,kl_loss_26,0.15774626577252981
38,kl_loss_27,0.00029504102759904437
38,kl_loss_28,0.0003679549366596245
38,kl_loss_29,0.00026813093748103865
38,kl_loss_30,0.0012178796929337324
38,kl_loss_31,0.15878752933474638
39,recon_loss,419.60087791649073
39,loss,-597.5635145032728
39,mi_loss,154.73155690786
39,tc_loss,-146.6141555373733
39,dw_kl_loss,1.0172988382545678
39,kl_loss,9.13062451336835
39,kl_loss_0,0.000324555003159755
39,kl_loss_1,0.0003010512493248727
39,kl_loss_2,0.0002500814775860793
39,kl_loss_3,0.8778175872725409
39,kl_loss_4,0.0010305035444026862
39,kl_loss_5,0.004968075012486126
39,kl_loss_6,0.4710368457678202
39,kl_loss_7,0.0003013363246478744
39,kl_loss_8,0.0003420475996225267
39,kl_loss_9,1.2909310637293636
39,kl_loss_10,0.0002902895841445472
39,kl_loss_11,0.2277783513069153
39,kl_loss_12,0.0004635310832511734
39,kl_loss_13,1.1021734488976969
39,kl_loss_14,0.0004049335971373964
39,kl_loss_15,0.00036467925544727496
39,kl_loss_16,0.0013186924851726035
39,kl_loss_17,0.00027834246614696207
39,kl_loss_18,0.0004019055137964519
39,kl_loss_19,0.9964982438731838
39,kl_loss_20,0.0002549324902026234
39,kl_loss_21,1.9986645518122492
39,kl_loss_22,1.831868212931865
39,kl_loss_23,0.0008858288927758868
39,kl_loss_24,0.0003228619493342735
39,kl_loss_25,0.00035696023244511434
39,kl_loss_26,0.16311387621067666
39,kl_loss_27,0.00029348303765259885
39,kl_loss_28,0.00035335292183869595
39,kl_loss_29,0.0002754081569209292
39,kl_loss_30,0.0013061670435441507
39,kl_loss_31,0.15565333181136362
40,recon_loss,415.6342953917801
40,loss,-601.3805253223707
40,mi_loss,154.72031919417842
40,tc_loss,-146.59326672297652
40,dw_kl_loss,1.0109921773915649
40,kl_loss,9.11856504665908
40,kl_loss_0,0.0003212446795015406
40,kl_loss_1,0.0003046743929766679
40,kl_loss_2,0.0002445133543142708
40,kl_loss_3,0.8778700812529492
40,kl_loss_4,0.0009735539876004701
40,kl_loss_5,0.0049017693657147626
40,kl_loss_6,0.4721206823183644
40,kl_loss_7,0.00028599472841628457
40,kl_loss_8,0.00033328483527105663
40,kl_loss_9,1.3018932784757307
40,kl_loss_10,0.00026684011813373333
40,kl_loss_11,0.22271951608439927
40,kl_loss_12,0.000422316300432368
40,kl_loss_13,1.1018670774916166
40,kl_loss_14,0.00039734798158088357
40,kl_loss_15,0.00035769164422026246
40,kl_loss_16,0.001255536922604166
40,kl_loss_17,0.00025239558289608647
40,kl_loss_18,0.00039979943414769506
40,kl_loss_19,0.9865959389235384
40,kl_loss_20,0.0002516452410829163
40,kl_loss_21,1.9910668346189684
40,kl_loss_22,1.8305588371010237
40,kl_loss_23,0.00089029936615618
40,kl_loss_24,0.0003248632044321106
40,kl_loss_25,0.0003372347670837596
40,kl_loss_26,0.1525257412464388
40,kl_loss_27,0.00026943691084862397
40,kl_loss_28,0.0003525958113592639
40,kl_loss_29,0.0002451259217235029
40,kl_loss_30,0.0012470711252942522
40,kl_loss_31,0.16671184161978383
41,recon_loss,416.7954519948652
41,loss,-600.4555099651378
41,mi_loss,154.73233852591565
41,tc_loss,-146.62033860401442
41,dw_kl_loss,0.9794048013225678
41,kl_loss,9.084458874117944
41,kl_loss_0,0.00031669219575261554
41,kl_loss_1,0.0002841683097123619
41,kl_loss_2,0.00024322319340201154
41,kl_loss_3,0.8756569873902106
41,kl_loss_4,0.001009777960647899
41,kl_loss_5,0.005478263132885019
41,kl_loss_6,0.4405477626990246
41,kl_loss_7,0.0003215792183313639
41,kl_loss_8,0.00033464852435093734
41,kl_loss_9,1.3004140007880427
41,kl_loss_10,0.0002618160096287567
41,kl_loss_11,0.2040616985290281
41,kl_loss_12,0.0004303439254922572
41,kl_loss_13,1.0990858994504458
41,kl_loss_14,0.0003797787339276364
41,kl_loss_15,0.0003753556401759226
41,kl_loss_16,0.001367672628182317
41,kl_loss_17,0.00026915189734990556
41,kl_loss_18,0.000385588533194956
41,kl_loss_19,0.992232346727002
41,kl_loss_20,0.0002680882017919293
41,kl_loss_21,2.0111625899550734
41,kl_loss_22,1.8245651612999618
41,kl_loss_23,0.0009140114973409362
41,kl_loss_24,0.00030612554125768204
41,kl_loss_25,0.0003132732655172066
41,kl_loss_26,0.1615837685042812
41,kl_loss_27,0.00026517321595982197
41,kl_loss_28,0.0003720731349281406
41,kl_loss_29,0.0002558762770927241
41,kl_loss_30,0.001304635597813514
41,kl_loss_31,0.159691349072482
42,recon_loss,416.0906516454553
42,loss,-601.3224401986727
42,mi_loss,154.73873499388336
42,tc_loss,-146.6401600991526
42,dw_kl_loss,0.9694525452070338
42,kl_loss,9.066549275511054
42,kl_loss_0,0.0002859231192238068
42,kl_loss_1,0.0003096579150947672
42,kl_loss_2,0.0002480181226987512
42,kl_loss_3,0.8615698378573182
42,kl_loss_4,0.0009730585728101031
42,kl_loss_5,0.005440023902963887
42,kl_loss_6,0.448200061917305
42,kl_loss_7,0.0003013902842017111
42,kl_loss_8,0.000307738299040945
42,kl_loss_9,1.2969260722078302
42,kl_loss_10,0.0002524090294916463
42,kl_loss_11,0.2111650405712025
42,kl_loss_12,0.00042892598311707216
42,kl_loss_13,1.1173644479243987
42,kl_loss_14,0.00036881354472209367
42,kl_loss_15,0.0003973419029485955
42,kl_loss_16,0.0012304424007813777
42,kl_loss_17,0.0002536600573308846
42,kl_loss_18,0.00037761904194109864
42,kl_loss_19,0.9772276695697538
42,kl_loss_20,0.000245259958319366
42,kl_loss_21,1.9951247867717539
42,kl_loss_22,1.8310470504145469
42,kl_loss_23,0.0008463998730745047
42,kl_loss_24,0.00029444033330086096
42,kl_loss_25,0.0003125484286737378
42,kl_loss_26,0.1633500941498305
42,kl_loss_27,0.00027510555966767255
42,kl_loss_28,0.0003576462297269734
42,kl_loss_29,0.00027143948345935794
42,kl_loss_30,0.0012301268389007898
42,kl_loss_31,0.14956619682651695
43,recon_loss,420.4210283833165
43,loss,-596.4360884799752
43,mi_loss,154.7133053195092
43,tc_loss,-146.5694864744781
43,dw_kl_loss,0.9854709494818923
43,kl_loss,9.129015661055043
43,kl_loss_0,0.0002871098570145106
43,kl_loss_1,0.0002894459557669458
43,kl_loss_2,0.00022548502962034878
43,kl_loss_3,0.8833917542811363
43,kl_loss_4,0.000872525345203617
43,kl_loss_5,0.005303711642921772
43,kl_loss_6,0.4590562404163422
43,kl_loss_7,0.0002767458039846632
43,kl_loss_8,0.00030032798813115207
43,kl_loss_9,1.3044786485292579
43,kl_loss_10,0.0002561250115714727
43,kl_loss_11,0.21467515277445956
43,kl_loss_12,0.00039411335307303617
43,kl_loss_13,1.1094209462083795
43,kl_loss_14,0.00037411026661634763
43,kl_loss_15,0.00037094085322072107
43,kl_loss_16,0.0011819143922278477
43,kl_loss_17,0.0002568918443034573
43,kl_loss_18,0.00035160916271589454
43,kl_loss_19,0.9826930197336341
43,kl_loss_20,0.0002454013015413957
43,kl_loss_21,1.9860773541594063
43,kl_loss_22,1.8438375560186242
43,kl_loss_23,0.0008150355637534171
43,kl_loss_24,0.00031719262266070934
43,kl_loss_25,0.0002903783310865683
43,kl_loss_26,0.16267119340037786
43,kl_loss_27,0.0002535157786902561
43,kl_loss_28,0.00032367670573093876
43,kl_loss_29,0.0002585078204070689
43,kl_loss_30,0.001124334660538983
43,kl_loss_31,0.16834467232868236
