Epoch,Loss,Value
0,recon_loss,485.35360373220135
0,kl_loss,10.038118185535554
0,kl_loss_0,0.1123518045035301
0,kl_loss_1,0.7702256517224414
0,kl_loss_2,0.05827420157059947
0,kl_loss_3,0.08136082051186672
0,kl_loss_4,0.08055898883274847
0,kl_loss_5,0.08431359405268825
0,kl_loss_6,0.15162959127556733
0,kl_loss_7,0.04659761536881448
0,kl_loss_8,0.0590873266024495
0,kl_loss_9,0.8810460705670619
0,kl_loss_10,0.26823787998047566
0,kl_loss_11,0.41762191970502177
0,kl_loss_12,0.4954102049151095
0,kl_loss_13,0.10664948545801904
0,kl_loss_14,0.25949339033855545
0,kl_loss_15,0.0728442437999371
0,kl_loss_16,0.3066284626081426
0,kl_loss_17,0.08008069445639449
0,kl_loss_18,0.07971599166687098
0,kl_loss_19,0.31838074612921924
0,kl_loss_20,0.10949624891978718
0,kl_loss_21,1.0017227955382837
0,kl_loss_22,0.8683510701502523
0,kl_loss_23,0.7648890053512909
0,kl_loss_24,0.07875845360229172
0,kl_loss_25,0.08523201398421279
0,kl_loss_26,0.367716998442687
0,kl_loss_27,0.09379156588035967
0,kl_loss_28,0.0849144076665623
0,kl_loss_29,0.0536535694852211
0,kl_loss_30,0.048605511965160005
0,kl_loss_31,1.750477875993457
0,loss,538.0569989604335
1,recon_loss,478.72762470860636
1,kl_loss,4.429861824999573
1,kl_loss_0,0.001738291645612848
1,kl_loss_1,0.4133991868265213
1,kl_loss_2,0.0006121765291418439
1,kl_loss_3,0.0007445681752556915
1,kl_loss_4,0.0007095421759551892
1,kl_loss_5,0.0006588680146422277
1,kl_loss_6,0.005200680758383485
1,kl_loss_7,0.0005748663648402178
1,kl_loss_8,0.0005131130862820854
1,kl_loss_9,0.5586575522858609
1,kl_loss_10,0.03301331767892485
1,kl_loss_11,0.057379980841951984
1,kl_loss_12,0.1557892469228596
1,kl_loss_13,0.0007603483234522163
1,kl_loss_14,0.015884220109431333
1,kl_loss_15,0.000573004005096292
1,kl_loss_16,0.031739822503740106
1,kl_loss_17,0.0007284747446656868
1,kl_loss_18,0.0008706766123112331
1,kl_loss_19,0.04614801426488225
1,kl_loss_20,0.000736380961062687
1,kl_loss_21,0.8627164011360496
1,kl_loss_22,0.42116967276219397
1,kl_loss_23,0.49193670528550304
1,kl_loss_24,0.000685629418610485
1,kl_loss_25,0.00060861164288375
1,kl_loss_26,0.10534559725032698
1,kl_loss_27,0.0012689693830907345
1,kl_loss_28,0.0007837477205221051
1,kl_loss_29,0.0005193030153731665
1,kl_loss_30,0.000617153101390408
1,kl_loss_31,1.2177777200616815
1,loss,549.3964392549249
2,recon_loss,473.7103412587156
2,kl_loss,4.360359130367156
2,kl_loss_0,0.000489572703998576
2,kl_loss_1,0.42462172831899375
2,kl_loss_2,0.0002879006237352407
2,kl_loss_3,0.00031596234428786464
2,kl_loss_4,0.0002808748413958857
2,kl_loss_5,0.00027285022811303214
2,kl_loss_6,0.0008274564257903045
2,kl_loss_7,0.00027538785555710393
2,kl_loss_8,0.0002560794631379747
2,kl_loss_9,0.5425374522324531
2,kl_loss_10,0.015053221179793278
2,kl_loss_11,0.031575869673722855
2,kl_loss_12,0.11080180657326534
2,kl_loss_13,0.00034168272489501587
2,kl_loss_14,0.005237147660164904
2,kl_loss_15,0.00024748842171843976
2,kl_loss_16,0.017164041681255224
2,kl_loss_17,0.0002619506245458959
2,kl_loss_18,0.0003248421996030756
2,kl_loss_19,0.026321792499392583
2,kl_loss_20,0.00034006038350203345
2,kl_loss_21,0.9430221142948315
2,kl_loss_22,0.4199405185958391
2,kl_loss_23,0.5050475081448914
2,kl_loss_24,0.00031358733527883084
2,kl_loss_25,0.00026554157782185785
2,kl_loss_26,0.09140914559404376
2,kl_loss_27,0.00036077012723532097
2,kl_loss_28,0.00030275225333909514
2,kl_loss_29,0.000240564370097252
2,kl_loss_30,0.0002817358028003445
2,kl_loss_31,1.2213397167062248
2,loss,543.4760871805171
3,recon_loss,472.70374421150456
3,kl_loss,4.431226150963896
3,kl_loss_0,0.000224632332451962
3,kl_loss_1,0.4420610996343756
3,kl_loss_2,0.0001689515975354019
3,kl_loss_3,0.00019695953671289708
3,kl_loss_4,0.00017196986754174515
3,kl_loss_5,0.00018837325330022523
3,kl_loss_6,0.00031653563592142316
3,kl_loss_7,0.0001840937221723218
3,kl_loss_8,0.00018458459300980452
3,kl_loss_9,0.5458928131929008
3,kl_loss_10,0.005923017723015159
3,kl_loss_11,0.01943406141212871
3,kl_loss_12,0.10265340611979526
3,kl_loss_13,0.00018330661564945212
3,kl_loss_14,0.0017649153002127203
3,kl_loss_15,0.0001470491199964477
3,kl_loss_16,0.010481979312395216
3,kl_loss_17,0.00016899578528658998
3,kl_loss_18,0.00021793110977097224
3,kl_loss_19,0.019566385636246332
3,kl_loss_20,0.0001754423838749688
3,kl_loss_21,0.9923557068711968
3,kl_loss_22,0.43034573828661316
3,kl_loss_23,0.5212831607749385
3,kl_loss_24,0.0001802017827147758
3,kl_loss_25,0.00017288076110504648
3,kl_loss_26,0.09200997695687317
3,kl_loss_27,0.00022254955969871053
3,kl_loss_28,0.0002325901696558601
3,kl_loss_29,0.0001474261992380664
3,kl_loss_30,0.00016424600510627673
3,kl_loss_31,1.2438051399364267
3,loss,543.6033632011823
4,recon_loss,467.8082258894637
4,kl_loss,4.430584046647355
4,kl_loss_0,0.0001506077528402612
4,kl_loss_1,0.4494656469370868
4,kl_loss_2,0.0001388313336851629
4,kl_loss_3,0.00013745034088355463
4,kl_loss_4,0.00014317501839753745
4,kl_loss_5,0.00015261004477537968
4,kl_loss_6,0.00024673201118570725
4,kl_loss_7,0.00012893575193310107
4,kl_loss_8,0.0001274812500923872
4,kl_loss_9,0.534223469527992
4,kl_loss_10,0.001941108240469082
4,kl_loss_11,0.012652283267596284
4,kl_loss_12,0.1001909053808934
4,kl_loss_13,0.00013245233284259165
4,kl_loss_14,0.0005073797083585649
4,kl_loss_15,0.0001182776762524972
4,kl_loss_16,0.005251989065593965
4,kl_loss_17,0.000168450824866021
4,kl_loss_18,0.00016019538649030633
4,kl_loss_19,0.015657399989966604
4,kl_loss_20,0.00012693135571238158
4,kl_loss_21,1.0270307557002918
4,kl_loss_22,0.4275130769690952
4,kl_loss_23,0.5201235115528107
4,kl_loss_24,0.00013707113905331574
4,kl_loss_25,0.00014384418373575083
4,kl_loss_26,0.08820776139964928
4,kl_loss_27,0.00012742558846602569
4,kl_loss_28,0.0001452020709277005
4,kl_loss_29,0.00012929482335174406
4,kl_loss_30,0.0001349940593983676
4,kl_loss_31,1.2450687788628243
4,loss,538.6975689862226
5,recon_loss,464.99530144147974
5,kl_loss,4.479117448611926
5,kl_loss_0,0.00011376132036969866
5,kl_loss_1,0.4548183621898774
5,kl_loss_2,0.00011994793976066254
5,kl_loss_3,0.00012061508342383369
5,kl_loss_4,0.0001269662827854195
5,kl_loss_5,0.00014812055654743667
5,kl_loss_6,0.00013455258487092873
5,kl_loss_7,0.00010743435166816237
5,kl_loss_8,0.00010717831557035767
5,kl_loss_9,0.5278539923570489
5,kl_loss_10,0.0004989206578121871
5,kl_loss_11,0.01037170432923582
5,kl_loss_12,0.10005681402981281
5,kl_loss_13,0.00010757731093514351
5,kl_loss_14,0.000248324761908221
5,kl_loss_15,0.00012478331274162698
5,kl_loss_16,0.002206866129962427
5,kl_loss_17,0.00012955315140706877
5,kl_loss_18,0.00010849265206444968
5,kl_loss_19,0.014175664078974996
5,kl_loss_20,0.00014665402642260957
5,kl_loss_21,1.068111208177382
5,kl_loss_22,0.42824104764769155
5,kl_loss_23,0.5272841996723606
5,kl_loss_24,0.00011578406662910535
5,kl_loss_25,0.00012238660917407082
5,kl_loss_26,0.09384487507243951
5,kl_loss_27,0.00012751164851129376
5,kl_loss_28,0.00010986794512318347
5,kl_loss_29,0.0001223944866108478
5,kl_loss_30,0.00011544670754422744
5,kl_loss_31,1.2490964301170842
5,loss,536.6611820344002
6,recon_loss,464.6899814400622
6,kl_loss,4.480083589912743
6,kl_loss_0,0.00011652594517355645
6,kl_loss_1,0.46336123539555457
6,kl_loss_2,0.00010479505859836135
6,kl_loss_3,0.00012177512705606479
6,kl_loss_4,0.00011578525456609905
6,kl_loss_5,0.00011801558061032206
6,kl_loss_6,0.00013262557331472635
6,kl_loss_7,9.741318932864614e-05
6,kl_loss_8,0.0001443011638638313
6,kl_loss_9,0.5163036128205638
6,kl_loss_10,0.00017361665114520058
6,kl_loss_11,0.008457218510879865
6,kl_loss_12,0.09707150159664052
6,kl_loss_13,0.00010719722367182214
6,kl_loss_14,0.00012718670956429935
6,kl_loss_15,0.00011834549662526898
6,kl_loss_16,0.0005595147564646698
6,kl_loss_17,0.00018147530499845743
6,kl_loss_18,0.00010673500477306305
6,kl_loss_19,0.014123580925497077
6,kl_loss_20,0.0001061325980430489
6,kl_loss_21,1.07894387168269
6,kl_loss_22,0.4309389128159451
6,kl_loss_23,0.5214914738811472
6,kl_loss_24,0.00013782939703394008
6,kl_loss_25,0.00011224253603848077
6,kl_loss_26,0.09436077683643308
6,kl_loss_27,0.00011707283431283569
6,kl_loss_28,0.00010269324881054701
6,kl_loss_29,0.00011573166972006201
6,kl_loss_30,0.0001309613349236628
6,kl_loss_31,1.251883432429324
6,loss,536.3713186940839
7,recon_loss,461.58694277527513
7,kl_loss,4.49097813201207
7,kl_loss_0,0.00011474200053721346
7,kl_loss_1,0.45749836358972773
7,kl_loss_2,0.00010934647583272509
7,kl_loss_3,0.00010175582006453507
7,kl_loss_4,9.794368393599026e-05
7,kl_loss_5,0.00012720718739494202
7,kl_loss_6,0.00011819501167103167
7,kl_loss_7,0.00013741725675200903
7,kl_loss_8,0.00010697606710656996
7,kl_loss_9,0.5178286604663377
7,kl_loss_10,0.00011687889014200497
7,kl_loss_11,0.00687182846889701
7,kl_loss_12,0.09474496433251006
7,kl_loss_13,0.00014158228402256324
7,kl_loss_14,9.771769550899344e-05
7,kl_loss_15,0.0001095825172860616
7,kl_loss_16,0.0001823428908102615
7,kl_loss_17,0.00012931543257167582
7,kl_loss_18,0.00011694882195242631
7,kl_loss_19,0.011512467672707893
7,kl_loss_20,0.00010887500254176957
7,kl_loss_21,1.0971544516342941
7,kl_loss_22,0.43145085502696295
7,kl_loss_23,0.52051644555984
7,kl_loss_24,0.00012635826683973753
7,kl_loss_25,0.00010272161659574317
7,kl_loss_26,0.0935027992793469
7,kl_loss_27,0.00010112208133983997
7,kl_loss_28,0.00010965224380494767
7,kl_loss_29,0.00012773938692345094
7,kl_loss_30,0.00017568160484354663
7,kl_loss_31,1.257237172254952
7,loss,533.4425949588899
8,recon_loss,461.447998539094
8,kl_loss,4.541495571854294
8,kl_loss_0,0.00011163079480250036
8,kl_loss_1,0.4658592623728578
8,kl_loss_2,0.00011530013439515906
8,kl_loss_3,9.902000993049593e-05
8,kl_loss_4,0.00013003511709832057
8,kl_loss_5,0.00010088529883413225
8,kl_loss_6,0.00012178940733554222
8,kl_loss_7,0.00011082925903861241
8,kl_loss_8,9.26926256387785e-05
8,kl_loss_9,0.5156933886389579
8,kl_loss_10,0.00011031782900493952
8,kl_loss_11,0.005459422612392534
8,kl_loss_12,0.10278847098590867
8,kl_loss_13,0.0001631337293093243
8,kl_loss_14,0.00011229702466798406
8,kl_loss_15,0.00010280320120434607
8,kl_loss_16,0.00010719512318891864
8,kl_loss_17,0.00010594311520777722
8,kl_loss_18,0.00012892966849669334
8,kl_loss_19,0.011302536767807299
8,kl_loss_20,0.00011769654755029947
8,kl_loss_21,1.105570977093071
8,kl_loss_22,0.4430579906830224
8,kl_loss_23,0.5298214264774835
8,kl_loss_24,9.765472608588396e-05
8,kl_loss_25,0.00010960841781750161
8,kl_loss_26,0.09444060959723047
8,kl_loss_27,0.00012624176013814186
8,kl_loss_28,0.00011475823984871949
8,kl_loss_29,0.00010117360951519141
8,kl_loss_30,0.00012241005246597592
8,kl_loss_31,1.2649990832933815
8,loss,534.1119276477444
9,recon_loss,461.9179029310072
9,kl_loss,4.496147961229892
9,kl_loss_0,9.946727974189294e-05
9,kl_loss_1,0.4687707006931305
9,kl_loss_2,0.00010906093804216063
9,kl_loss_3,9.997483166689808e-05
9,kl_loss_4,0.00010992921888828278
9,kl_loss_5,9.886120269830163e-05
9,kl_loss_6,0.00010465624918406074
9,kl_loss_7,9.852480017454237e-05
9,kl_loss_8,0.00011739290344554025
9,kl_loss_9,0.5099338951948527
9,kl_loss_10,0.00011214043919903201
9,kl_loss_11,0.004197482524339009
9,kl_loss_12,0.10092566951706602
9,kl_loss_13,0.00012691707501338945
9,kl_loss_14,8.96248739917536e-05
9,kl_loss_15,9.990154916571604e-05
9,kl_loss_16,0.0001098318151324182
9,kl_loss_17,0.00011484205496270914
9,kl_loss_18,0.00011999350343201611
9,kl_loss_19,0.00945789094108182
9,kl_loss_20,9.356722915293397e-05
9,kl_loss_21,1.0925455289918022
9,kl_loss_22,0.43159578281479916
9,kl_loss_23,0.521108889579773
9,kl_loss_24,0.00010844755892616672
9,kl_loss_25,0.00011888216501353561
9,kl_loss_26,0.0933181456617407
9,kl_loss_27,0.00010351487435400486
9,kl_loss_28,0.00010166091567559822
9,kl_loss_29,9.498526216358752e-05
9,kl_loss_30,0.00011454508639872075
9,kl_loss_31,1.2619472890286831
9,loss,533.8562684755068
10,recon_loss,463.62201501989875
10,kl_loss,4.505483622192054
10,kl_loss_0,0.00010395974111092347
10,kl_loss_1,0.4649072132443869
10,kl_loss_2,0.00010082527859917571
10,kl_loss_3,0.00010940861032013931
10,kl_loss_4,0.0001057177889711594
10,kl_loss_5,8.970561752756757e-05
10,kl_loss_6,0.00014573561343094035
10,kl_loss_7,0.00011969442223949778
10,kl_loss_8,0.00010423601219450594
10,kl_loss_9,0.5130194226900736
10,kl_loss_10,9.723633317457092e-05
10,kl_loss_11,0.002619517180988545
10,kl_loss_12,0.09719814502343696
10,kl_loss_13,0.00010266736204866119
10,kl_loss_14,9.901113482692869e-05
10,kl_loss_15,0.00014003416803735558
10,kl_loss_16,9.9925107763259e-05
10,kl_loss_17,9.997580100291519e-05
10,kl_loss_18,0.00012531268074908244
10,kl_loss_19,0.00825718599146292
10,kl_loss_20,0.00011765316218858765
10,kl_loss_21,1.10292703714422
10,kl_loss_22,0.4350192075775516
10,kl_loss_23,0.5241544728958478
10,kl_loss_24,0.00012228962018965712
10,kl_loss_25,0.00013896092016410123
10,kl_loss_26,0.09200213354841996
10,kl_loss_27,0.00010437936201611514
10,kl_loss_28,9.401996685091847e-05
10,kl_loss_29,0.00015000990712113918
10,kl_loss_30,0.0001070940108489125
10,kl_loss_31,1.2629013990843168
10,loss,535.7097527288621
11,recon_loss,459.71905386319725
11,kl_loss,4.51535226068189
11,kl_loss_0,0.00011202022157889861
11,kl_loss_1,0.46979553404674734
11,kl_loss_2,0.00010825654802223046
11,kl_loss_3,9.685006338141619e-05
11,kl_loss_4,9.30532352418028e-05
11,kl_loss_5,0.00010613935263527017
11,kl_loss_6,0.00010602556855007206
11,kl_loss_7,0.0001034564376177807
11,kl_loss_8,8.72777309268713e-05
11,kl_loss_9,0.5083149136394582
11,kl_loss_10,0.00010140659913460733
11,kl_loss_11,0.0011229360155681127
11,kl_loss_12,0.09400652256864374
11,kl_loss_13,8.970066674694579e-05
11,kl_loss_14,0.0001059706893659407
11,kl_loss_15,0.00014119353070254288
11,kl_loss_16,9.871376878632013e-05
11,kl_loss_17,0.00010264946287998589
11,kl_loss_18,0.00012139748075916882
11,kl_loss_19,0.006688723211697433
11,kl_loss_20,0.00010252448039189462
11,kl_loss_21,1.1045403893916839
11,kl_loss_22,0.4362452861762816
11,kl_loss_23,0.5339302721843925
11,kl_loss_24,0.00011013534110319871
11,kl_loss_25,9.435412514033497e-05
11,kl_loss_26,0.09677357430900296
11,kl_loss_27,0.00010503274363575763
11,kl_loss_28,0.00010979118236210398
11,kl_loss_29,0.00011815181407596796
11,kl_loss_30,0.00011450546588348125
11,kl_loss_31,1.2616055191204112
11,loss,531.9646900135983
12,recon_loss,460.7598407704343
12,kl_loss,4.563937367931489
12,kl_loss_0,0.0001058361858570127
12,kl_loss_1,0.4749074850672035
12,kl_loss_2,0.00011798547285418677
12,kl_loss_3,9.563883080557789e-05
12,kl_loss_4,9.453703989825582e-05
12,kl_loss_5,9.510893955506305e-05
12,kl_loss_6,0.0001335690806930264
12,kl_loss_7,9.243627409300496e-05
12,kl_loss_8,0.00013025330069164434
12,kl_loss_9,0.5110570645780974
12,kl_loss_10,0.00010575120142030139
12,kl_loss_11,0.0005385044596648665
12,kl_loss_12,0.10225199303159149
12,kl_loss_13,0.0001008595898246733
12,kl_loss_14,0.00012272697002176317
12,kl_loss_15,0.00012393588680894145
12,kl_loss_16,0.0001331059868016871
12,kl_loss_17,9.642795394224826e-05
12,kl_loss_18,0.00014340443166113029
12,kl_loss_19,0.005552687757318059
12,kl_loss_20,0.0001096470664525705
12,kl_loss_21,1.1225292615352138
12,kl_loss_22,0.44071056317257623
12,kl_loss_23,0.5350860833160339
12,kl_loss_24,0.00014866925200187071
12,kl_loss_25,0.00010462065217315509
12,kl_loss_26,0.09849782471334742
12,kl_loss_27,0.00010836272755818021
12,kl_loss_28,0.0001459178547324833
12,kl_loss_29,0.00011010055295041491
12,kl_loss_30,0.00011242077290330844
12,kl_loss_31,1.2702745820886345
12,loss,533.7828387188655
13,recon_loss,463.8057795698925
13,kl_loss,4.549854655419627
13,kl_loss_0,0.00011773167618660516
13,kl_loss_1,0.47532615209779433
13,kl_loss_2,0.00011675264210670545
13,kl_loss_3,9.69164426468553e-05
13,kl_loss_4,9.000490254331981e-05
13,kl_loss_5,9.643802824880808e-05
13,kl_loss_6,0.0001757149659698048
13,kl_loss_7,9.904218141630452e-05
13,kl_loss_8,9.509251748401952e-05
13,kl_loss_9,0.5080903392004711
13,kl_loss_10,0.00010310639176637895
13,kl_loss_11,0.0001934692902009814
13,kl_loss_12,0.09656873736931111
13,kl_loss_13,0.00010910997748054484
13,kl_loss_14,0.00012876237717567273
13,kl_loss_15,0.00011948649446049364
13,kl_loss_16,9.798814207115161e-05
13,kl_loss_17,0.00010989276787406335
13,kl_loss_18,0.00015683396423976588
13,kl_loss_19,0.003463986313461216
13,kl_loss_20,0.0001014981291166717
13,kl_loss_21,1.126929606481265
13,kl_loss_22,0.4410380775569588
13,kl_loss_23,0.5286602730392128
13,kl_loss_24,0.00016386151784450137
13,kl_loss_25,0.00013897130240796395
13,kl_loss_26,0.09730020864436062
13,kl_loss_27,9.289161196999973e-05
13,kl_loss_28,9.969705390313299e-05
13,kl_loss_29,8.824145576606195e-05
13,kl_loss_30,0.00012006094524015982
13,kl_loss_31,1.2697657077543196
13,loss,536.6034563946467
14,recon_loss,457.6934750118771
14,kl_loss,4.530050050890123
14,kl_loss_0,0.00011101147864718695
14,kl_loss_1,0.4739301729846645
14,kl_loss_2,0.00010669921222772147
14,kl_loss_3,0.00011003607179264765
14,kl_loss_4,9.357663047676151e-05
14,kl_loss_5,0.00011943422031362315
14,kl_loss_6,0.0001872567887845877
14,kl_loss_7,9.603263256517616e-05
14,kl_loss_8,0.00010527864828504421
14,kl_loss_9,0.5097183383799888
14,kl_loss_10,0.00011585617085566392
14,kl_loss_11,0.00010009469791642717
14,kl_loss_12,0.09480374499752715
14,kl_loss_13,8.691844807283298e-05
14,kl_loss_14,0.0001349304211200089
14,kl_loss_15,0.00013182612035322834
14,kl_loss_16,9.133223494565165e-05
14,kl_loss_17,9.451472401820324e-05
14,kl_loss_18,0.00011178946902824415
14,kl_loss_19,0.0025593890418374055
14,kl_loss_20,0.00010469345803800467
14,kl_loss_21,1.1204091416822897
14,kl_loss_22,0.4369577870175645
14,kl_loss_23,0.5244799188665441
14,kl_loss_24,0.000205754376696171
14,kl_loss_25,0.00013690940733696963
14,kl_loss_26,0.09574389071077914
14,kl_loss_27,0.0001188362281568147
14,kl_loss_28,9.614584992664891e-05
14,kl_loss_29,0.00011784716232402904
14,kl_loss_30,0.0001091978676315095
14,kl_loss_31,1.2687617050634847
14,loss,530.1742789603568
15,recon_loss,453.59066099761634
15,kl_loss,4.524040813087135
15,kl_loss_0,0.00010790185181684392
15,kl_loss_1,0.4789949939135582
15,kl_loss_2,0.00012006309704594714
15,kl_loss_3,0.00011009721571118921
15,kl_loss_4,0.00014783145474290014
15,kl_loss_5,0.00012003461534898448
15,kl_loss_6,0.00014429821467567836
15,kl_loss_7,0.00010472993111057627
15,kl_loss_8,9.582667631567806e-05
15,kl_loss_9,0.5069646107894118
15,kl_loss_10,0.0001713650849377436
15,kl_loss_11,0.00010637091773171579
15,kl_loss_12,0.08876153913837287
15,kl_loss_13,9.045158813316976e-05
15,kl_loss_14,0.00011196030148615439
15,kl_loss_15,0.00010710615559571212
15,kl_loss_16,0.0001315336276386534
15,kl_loss_17,8.375998411167373e-05
15,kl_loss_18,0.00010382293182755671
15,kl_loss_19,0.001816944866341048
15,kl_loss_20,9.683132301815736e-05
15,kl_loss_21,1.1266094116113519
15,kl_loss_22,0.43661248571770167
15,kl_loss_23,0.5226230316905565
15,kl_loss_24,0.00011920797268068919
15,kl_loss_25,0.00013371049651816008
15,kl_loss_26,0.09680086872991055
15,kl_loss_27,0.00011510057725332757
15,kl_loss_28,9.46695443182703e-05
15,kl_loss_29,0.00010260101282588577
15,kl_loss_30,9.3217821471313e-05
15,kl_loss_31,1.262244430280501
15,loss,525.9753157092679
16,recon_loss,461.60752556913644
16,kl_loss,4.590559128792055
16,kl_loss_0,0.00010225590523732926
16,kl_loss_1,0.47917884187672727
16,kl_loss_2,0.0001026358760853288
16,kl_loss_3,9.852738034540928e-05
16,kl_loss_4,0.00011434090093419116
16,kl_loss_5,9.784966291639434e-05
16,kl_loss_6,0.00014461343106563374
16,kl_loss_7,8.559416508882917e-05
16,kl_loss_8,0.00010214026101053722
16,kl_loss_9,0.5148795663669545
16,kl_loss_10,0.00019661049854250684
16,kl_loss_11,9.535995352091969e-05
16,kl_loss_12,0.09271765023630152
16,kl_loss_13,0.00010588161912696656
16,kl_loss_14,9.049406345252709e-05
16,kl_loss_15,9.25242277463117e-05
16,kl_loss_16,0.00010652994732021965
16,kl_loss_17,9.963461147841586e-05
16,kl_loss_18,8.905329616359806e-05
16,kl_loss_19,0.0010535156627195657
16,kl_loss_20,0.00010786195891478689
16,kl_loss_21,1.138823357320601
16,kl_loss_22,0.4493736581456277
16,kl_loss_23,0.5344609208004449
16,kl_loss_24,8.902182772515281e-05
16,kl_loss_25,0.00015080688516258873
16,kl_loss_26,0.09995452138364956
16,kl_loss_27,0.00010154923043584311
16,kl_loss_28,9.085705518842704e-05
16,kl_loss_29,0.00010386585778686948
16,kl_loss_30,9.604938258166595e-05
16,kl_loss_31,1.2776530519608529
16,loss,535.0564680202033
17,recon_loss,456.042230421497
17,kl_loss,4.56286524316316
17,kl_loss_0,0.0001136551796388562
17,kl_loss_1,0.4778977127805833
17,kl_loss_2,9.130807818784829e-05
17,kl_loss_3,9.383694569189703e-05
17,kl_loss_4,9.26468719137452e-05
17,kl_loss_5,0.00012592865048997824
17,kl_loss_6,0.00012324774332384588
17,kl_loss_7,9.54171247099356e-05
17,kl_loss_8,8.542347018436719e-05
17,kl_loss_9,0.5122657064148175
17,kl_loss_10,0.00011547361074956835
17,kl_loss_11,9.450172599885733e-05
17,kl_loss_12,0.09236685859580193
17,kl_loss_13,0.00010243764707958827
17,kl_loss_14,9.395959486644114e-05
17,kl_loss_15,0.00010508231403085814
17,kl_loss_16,9.184550138450759e-05
17,kl_loss_17,9.175618454533559e-05
17,kl_loss_18,8.967938777860455e-05
17,kl_loss_19,0.00043619482061995935
17,kl_loss_20,9.51296790072354e-05
17,kl_loss_21,1.1391356971956068
17,kl_loss_22,0.4431989059973789
17,kl_loss_23,0.5308634291092554
17,kl_loss_24,9.142629732127471e-05
17,kl_loss_25,8.802744935476972e-05
17,kl_loss_26,0.09431472954450436
17,kl_loss_27,9.207512998092239e-05
17,kl_loss_28,0.00010295055921800355
17,kl_loss_29,9.122819224152194e-05
17,kl_loss_30,9.462292060776744e-05
17,kl_loss_31,1.270124344415562
17,loss,529.048072404759
18,recon_loss,453.4796116326445
18,kl_loss,4.561549849407648
18,kl_loss_0,8.925900704437686e-05
18,kl_loss_1,0.4760473758302709
18,kl_loss_2,9.535611682241001e-05
18,kl_loss_3,8.929370006205894e-05
18,kl_loss_4,9.620850229816091e-05
18,kl_loss_5,0.00011144386058653234
18,kl_loss_6,0.0001126168788941477
18,kl_loss_7,9.187432481676982e-05
18,kl_loss_8,8.750736578217437e-05
18,kl_loss_9,0.5033577475496518
18,kl_loss_10,9.24573790642523e-05
18,kl_loss_11,0.00010045221255671593
18,kl_loss_12,0.09198669114861116
18,kl_loss_13,9.688938547286295e-05
18,kl_loss_14,0.00010899638616910545
18,kl_loss_15,0.00010057621239934878
18,kl_loss_16,9.130484734972318e-05
18,kl_loss_17,8.810844312431992e-05
18,kl_loss_18,9.063942738438165e-05
18,kl_loss_19,0.00019392896799110278
18,kl_loss_20,9.122168925660913e-05
18,kl_loss_21,1.1380599330189407
18,kl_loss_22,0.44996759183304286
18,kl_loss_23,0.5326981542892354
18,kl_loss_24,8.135681886786735e-05
18,kl_loss_25,9.961278923857276e-05
18,kl_loss_26,0.09721519107059125
18,kl_loss_27,9.693508787501244e-05
18,kl_loss_28,9.409456403665645e-05
18,kl_loss_29,9.340419113555903e-05
18,kl_loss_30,9.582838374039819e-05
18,kl_loss_31,1.2698278029759724
18,loss,526.4644097769133
19,recon_loss,458.03809814453126
19,kl_loss,4.57777597582018
19,kl_loss_0,8.808312358687053e-05
19,kl_loss_1,0.4802717877400888
19,kl_loss_2,9.282791382960371e-05
19,kl_loss_3,8.923687745590467e-05
19,kl_loss_4,9.777449902046371e-05
19,kl_loss_5,9.067680787395786e-05
19,kl_loss_6,9.930756798869854e-05
19,kl_loss_7,0.0001053965071568618
19,kl_loss_8,8.861597979793677e-05
19,kl_loss_9,0.5045824471357706
19,kl_loss_10,8.853027672582381e-05
19,kl_loss_11,0.00010016175943451959
19,kl_loss_12,0.09351564298409062
19,kl_loss_13,0.00010256482086874344
19,kl_loss_14,9.606010406403929e-05
19,kl_loss_15,0.00010092686861753463
19,kl_loss_16,8.520312053528992e-05
19,kl_loss_17,9.387172129307244e-05
19,kl_loss_18,9.22574649086675e-05
19,kl_loss_19,0.00010439061836616414
19,kl_loss_20,9.575994634950483e-05
19,kl_loss_21,1.1476963300962706
19,kl_loss_22,0.4472223289915033
19,kl_loss_23,0.5332861507261122
19,kl_loss_24,8.577852434403188e-05
19,kl_loss_25,0.00010171527974307537
19,kl_loss_26,0.09706358785766202
19,kl_loss_27,9.128920784270442e-05
19,kl_loss_28,0.00010205187608261366
19,kl_loss_29,0.00010007525592841006
19,kl_loss_30,9.440478138826988e-05
19,kl_loss_31,1.271850745098011
19,loss,531.2825127678949
20,recon_loss,458.3189454437584
20,kl_loss,4.569057732500056
20,kl_loss_0,0.00011165415547708029
20,kl_loss_1,0.4817539615336285
20,kl_loss_2,8.252599171452945e-05
20,kl_loss_3,8.816563559355594e-05
20,kl_loss_4,9.313967299237047e-05
20,kl_loss_5,8.236387524233069e-05
20,kl_loss_6,9.279093274506189e-05
20,kl_loss_7,9.995309500804831e-05
20,kl_loss_8,9.986173651952256e-05
20,kl_loss_9,0.5079080307035035
20,kl_loss_10,9.61547447068076e-05
20,kl_loss_11,9.30341205970254e-05
20,kl_loss_12,0.09240335413324897
20,kl_loss_13,9.668794440566212e-05
20,kl_loss_14,9.514361004074735e-05
20,kl_loss_15,9.258755642960789e-05
20,kl_loss_16,9.552937912284046e-05
20,kl_loss_17,9.137876732375032e-05
20,kl_loss_18,9.353598830119897e-05
20,kl_loss_19,9.347980726830741e-05
20,kl_loss_20,0.00010043571663079082
20,kl_loss_21,1.1319846831342226
20,kl_loss_22,0.4437483188606078
20,kl_loss_23,0.5379337964839833
20,kl_loss_24,9.219818473142642e-05
20,kl_loss_25,0.00010326580940595557
20,kl_loss_26,0.09658382322278715
20,kl_loss_27,9.607892203074629e-05
20,kl_loss_28,9.120575537885069e-05
20,kl_loss_29,9.495449647988363e-05
20,kl_loss_30,9.560315639421504e-05
20,kl_loss_31,1.2744700543342098
20,loss,531.4238696354691
21,recon_loss,455.17171716177336
21,kl_loss,4.557729273714045
21,kl_loss_0,9.800890280354408e-05
21,kl_loss_1,0.48108830615397424
21,kl_loss_2,9.196604131370462e-05
21,kl_loss_3,8.484181917963489e-05
21,kl_loss_4,9.717964767528478e-05
21,kl_loss_5,8.656125095102095e-05
21,kl_loss_6,9.297273091731532e-05
21,kl_loss_7,8.293977558052027e-05
21,kl_loss_8,0.00010512486445687471
21,kl_loss_9,0.507834106363276
21,kl_loss_10,9.812042617829897e-05
21,kl_loss_11,8.642445418543072e-05
21,kl_loss_12,0.0921198235003538
21,kl_loss_13,8.899072981289317e-05
21,kl_loss_14,8.207429776228564e-05
21,kl_loss_15,9.061076167610384e-05
21,kl_loss_16,8.010366926550544e-05
21,kl_loss_17,9.662470835391231e-05
21,kl_loss_18,9.88064779429346e-05
21,kl_loss_19,9.51589743596732e-05
21,kl_loss_20,8.198822553079295e-05
21,kl_loss_21,1.138032127131698
21,kl_loss_22,0.4447843070312213
21,kl_loss_23,0.5290172039180674
21,kl_loss_24,9.296689387811448e-05
21,kl_loss_25,9.583551386591567e-05
21,kl_loss_26,0.09375704210051285
21,kl_loss_27,8.506098166308416e-05
21,kl_loss_28,9.100060654623854e-05
21,kl_loss_29,8.726079187165665e-05
21,kl_loss_30,8.835672946666838e-05
21,kl_loss_31,1.2689174099635052
21,loss,528.0953854796707
22,recon_loss,454.72262163059685
22,kl_loss,4.533712693440017
22,kl_loss_0,9.092694694196344e-05
22,kl_loss_1,0.47707139099797896
22,kl_loss_2,8.695480984545523e-05
22,kl_loss_3,9.25775059068235e-05
22,kl_loss_4,9.785237426679301e-05
22,kl_loss_5,9.101285268702815e-05
22,kl_loss_6,9.22275977509637e-05
22,kl_loss_7,9.223263991135423e-05
22,kl_loss_8,8.585084585212571e-05
22,kl_loss_9,0.501772881675792
22,kl_loss_10,9.901396259264921e-05
22,kl_loss_11,9.880292915328537e-05
22,kl_loss_12,0.09139596450553146
22,kl_loss_13,8.970908995877992e-05
22,kl_loss_14,9.301483320693175e-05
22,kl_loss_15,9.202379583110732e-05
22,kl_loss_16,8.671752788046355e-05
22,kl_loss_17,0.00010065087968463539
22,kl_loss_18,9.259873355228094e-05
22,kl_loss_19,9.79097069351263e-05
22,kl_loss_20,9.167279362157788e-05
22,kl_loss_21,1.133647490893641
22,kl_loss_22,0.4437684391134529
22,kl_loss_23,0.5249920463369738
22,kl_loss_24,8.01535813959055e-05
22,kl_loss_25,8.96262085085274e-05
22,kl_loss_26,0.09151445279118195
22,kl_loss_27,8.664228352567841e-05
22,kl_loss_28,9.54400885709992e-05
22,kl_loss_29,8.142165469145904e-05
22,kl_loss_30,8.836871648948359e-05
22,kl_loss_31,1.267356607862698
22,loss,527.2620245820733
23,recon_loss,451.32826938424057
23,kl_loss,4.510639081719101
23,kl_loss_0,8.623844002603843e-05
23,kl_loss_1,0.4658400049453141
23,kl_loss_2,8.30169651977798e-05
23,kl_loss_3,8.648353934247969e-05
23,kl_loss_4,8.050354212642677e-05
23,kl_loss_5,8.224654361926099e-05
23,kl_loss_6,7.955023833620613e-05
23,kl_loss_7,8.782393033666317e-05
23,kl_loss_8,8.747830576393552e-05
23,kl_loss_9,0.49835628767808277
23,kl_loss_10,8.311967981318312e-05
23,kl_loss_11,8.94118666208239e-05
23,kl_loss_12,0.08957610570735508
23,kl_loss_13,8.307111084020586e-05
23,kl_loss_14,9.153078320205853e-05
23,kl_loss_15,8.638105630594236e-05
23,kl_loss_16,8.697578212827123e-05
23,kl_loss_17,7.79380000406696e-05
23,kl_loss_18,9.581216696088993e-05
23,kl_loss_19,8.573890939074498e-05
23,kl_loss_20,8.948332434820552e-05
23,kl_loss_21,1.1410719223560826
23,kl_loss_22,0.43906093172488675
23,kl_loss_23,0.526035179213811
23,kl_loss_24,8.810930559912355e-05
23,kl_loss_25,8.541561027247739e-05
23,kl_loss_26,0.09178416713351203
23,kl_loss_27,8.438749899787288e-05
23,kl_loss_28,9.196693132761665e-05
23,kl_loss_29,9.160650072879689e-05
23,kl_loss_30,8.597223949368282e-05
23,kl_loss_31,1.256844239850198
23,loss,523.4984941379998
24,recon_loss,457.50397718274917
24,kl_loss,4.578756083668889
24,kl_loss_0,8.867180629356488e-05
24,kl_loss_1,0.4809031950460898
24,kl_loss_2,8.172983605716679e-05
24,kl_loss_3,8.740078129277036e-05
24,kl_loss_4,8.19008205891461e-05
24,kl_loss_5,8.622150289247164e-05
24,kl_loss_6,8.754629289378992e-05
24,kl_loss_7,9.841436419535327e-05
24,kl_loss_8,8.756908638453161e-05
24,kl_loss_9,0.5064667265157442
24,kl_loss_10,8.281068624676884e-05
24,kl_loss_11,9.117711939521738e-05
24,kl_loss_12,0.09130772758980055
24,kl_loss_13,8.729715655381615e-05
24,kl_loss_14,8.723698556423187e-05
24,kl_loss_15,8.810488381297202e-05
24,kl_loss_16,9.141042828559875e-05
24,kl_loss_17,8.762751932482462e-05
24,kl_loss_18,8.990718806917603e-05
24,kl_loss_19,8.731927672350729e-05
24,kl_loss_20,9.577530562072187e-05
24,kl_loss_21,1.145073270153355
24,kl_loss_22,0.44819602209168513
24,kl_loss_23,0.5362417138911583
24,kl_loss_24,8.748973770117437e-05
24,kl_loss_25,8.213240653276443e-05
24,kl_loss_26,0.09349404741582033
24,kl_loss_27,8.912876474897604e-05
24,kl_loss_28,8.798644223527328e-05
24,kl_loss_29,9.340466050481474e-05
24,kl_loss_30,8.762795226396741e-05
24,kl_loss_31,1.274957497055466
24,loss,530.7640748719912
25,recon_loss,453.23941236926663
25,kl_loss,4.561030723715342
25,kl_loss_0,8.849232828104367e-05
25,kl_loss_1,0.4799510468077916
25,kl_loss_2,9.21681871317247e-05
25,kl_loss_3,9.544213147213061e-05
25,kl_loss_4,7.867225150387454e-05
25,kl_loss_5,7.87642609167804e-05
25,kl_loss_6,9.132599863674372e-05
25,kl_loss_7,9.364424578805445e-05
25,kl_loss_8,9.154754826017926e-05
25,kl_loss_9,0.5021728429422584
25,kl_loss_10,7.919983197284001e-05
25,kl_loss_11,8.92255094743544e-05
25,kl_loss_12,0.09112661213724203
25,kl_loss_13,8.715579651736765e-05
25,kl_loss_14,9.46814800182017e-05
25,kl_loss_15,8.72649615430223e-05
25,kl_loss_16,8.832619986146368e-05
25,kl_loss_17,8.988945484561945e-05
25,kl_loss_18,8.682270974962301e-05
25,kl_loss_19,8.959145415374028e-05
25,kl_loss_20,8.467096029230023e-05
25,kl_loss_21,1.1383966569618513
25,kl_loss_22,0.4472076436204295
25,kl_loss_23,0.5351494710932496
25,kl_loss_24,9.364922786311757e-05
25,kl_loss_25,0.00010140853563463817
25,kl_loss_26,0.0929172264752529
25,kl_loss_27,9.307317981516481e-05
25,kl_loss_28,9.04458224452952e-05
25,kl_loss_29,9.169112089821088e-05
25,kl_loss_30,9.089588908658874e-05
25,kl_loss_31,1.2719611653717615
25,loss,526.2159039897304
26,recon_loss,456.9703173893754
26,kl_loss,4.631056745847066
26,kl_loss_0,8.879487292580707e-05
26,kl_loss_1,0.49537319922319023
26,kl_loss_2,9.372456985655971e-05
26,kl_loss_3,8.184677465588496e-05
26,kl_loss_4,9.407899567797299e-05
26,kl_loss_5,9.244428171465795e-05
26,kl_loss_6,8.727005001918603e-05
26,kl_loss_7,9.54639324317536e-05
26,kl_loss_8,8.902502977239188e-05
26,kl_loss_9,0.5179719259982468
26,kl_loss_10,9.418137982407565e-05
26,kl_loss_11,9.349196703643888e-05
26,kl_loss_12,0.09331592884395391
26,kl_loss_13,9.274602396994508e-05
26,kl_loss_14,9.425311043898584e-05
26,kl_loss_15,8.406378303764648e-05
26,kl_loss_16,8.666463651924684e-05
26,kl_loss_17,8.975956914445726e-05
26,kl_loss_18,9.788537362930916e-05
26,kl_loss_19,8.703069010328861e-05
26,kl_loss_20,9.21135432817923e-05
26,kl_loss_21,1.1502442321469706
26,kl_loss_22,0.45464198243233467
26,kl_loss_23,0.5411835426604876
26,kl_loss_24,9.735879708602224e-05
26,kl_loss_25,8.87548260550986e-05
26,kl_loss_26,0.09533991554491622
26,kl_loss_27,9.027908440999766e-05
26,kl_loss_28,8.752447382737231e-05
26,kl_loss_29,0.00011302370788349259
26,kl_loss_30,7.847459956763252e-05
26,kl_loss_31,1.2807957715885614
26,loss,531.0672253024194
27,recon_loss,452.662355484501
27,kl_loss,4.574783600786681
27,kl_loss_0,8.449329048274987e-05
27,kl_loss_1,0.48476818572449426
27,kl_loss_2,8.405136415154063e-05
27,kl_loss_3,8.651186581901324e-05
27,kl_loss_4,7.802806669465637e-05
27,kl_loss_5,8.132192681753827e-05
27,kl_loss_6,8.04780872278316e-05
27,kl_loss_7,8.622146967638244e-05
27,kl_loss_8,7.233413447055125e-05
27,kl_loss_9,0.5074730587582434
27,kl_loss_10,7.633219212694193e-05
27,kl_loss_11,7.882674715371542e-05
27,kl_loss_12,0.08420028731787718
27,kl_loss_13,8.514933463346254e-05
27,kl_loss_14,9.032003005706174e-05
27,kl_loss_15,7.683642944621463e-05
27,kl_loss_16,8.575854853035943e-05
27,kl_loss_17,8.475702250957168e-05
27,kl_loss_18,8.19950189281215e-05
27,kl_loss_19,8.605113528388482e-05
27,kl_loss_20,8.184112413155455e-05
27,kl_loss_21,1.1538917489590184
27,kl_loss_22,0.4492973940026376
27,kl_loss_23,0.5303067047429341
27,kl_loss_24,8.364185635801606e-05
27,kl_loss_25,9.30417489300492e-05
27,kl_loss_26,0.09190634740216116
27,kl_loss_27,8.405019248765643e-05
27,kl_loss_28,8.954426714329309e-05
27,kl_loss_29,8.512845373041528e-05
27,kl_loss_30,7.613297296507705e-05
27,kl_loss_31,1.270947011568213
27,loss,525.858892789451
28,recon_loss,454.853266890331
28,kl_loss,4.6020121356492405
28,kl_loss_0,8.732585551878137e-05
28,kl_loss_1,0.4835445047706686
28,kl_loss_2,8.428875376941055e-05
28,kl_loss_3,7.434946895446829e-05
28,kl_loss_4,8.210152768159425e-05
28,kl_loss_5,9.098280501622026e-05
28,kl_loss_6,9.023074701588641e-05
28,kl_loss_7,8.618567634614245e-05
28,kl_loss_8,9.212203784495271e-05
28,kl_loss_9,0.5100297604196815
28,kl_loss_10,8.358266855519946e-05
28,kl_loss_11,0.00010520267996296126
28,kl_loss_12,0.09283331381056899
28,kl_loss_13,8.853318254833901e-05
28,kl_loss_14,8.417226584447968e-05
28,kl_loss_15,8.101321967138398e-05
28,kl_loss_16,7.716966016838948e-05
28,kl_loss_17,8.249008697607825e-05
28,kl_loss_18,8.16465140150119e-05
28,kl_loss_19,9.229134953510697e-05
28,kl_loss_20,8.973108744749458e-05
28,kl_loss_21,1.1565188554025465
28,kl_loss_22,0.4544435577687397
28,kl_loss_23,0.5339761062334942
28,kl_loss_24,9.131260211229004e-05
28,kl_loss_25,8.406731054707561e-05
28,kl_loss_26,0.09166680531756531
28,kl_loss_27,8.710977866724934e-05
28,kl_loss_28,8.965078966632004e-05
28,kl_loss_29,7.654719495324678e-05
28,kl_loss_30,8.413444713799543e-05
28,kl_loss_31,1.2769330028564698
28,loss,528.4854621477025
29,recon_loss,451.03790134739234
29,kl_loss,4.58491707621394
29,kl_loss_0,8.876471578873493e-05
29,kl_loss_1,0.4849623367593095
29,kl_loss_2,8.324598390105608e-05
29,kl_loss_3,8.352670088611744e-05
29,kl_loss_4,8.292201453366795e-05
29,kl_loss_5,8.333170459278531e-05
29,kl_loss_6,8.848915757561052e-05
29,kl_loss_7,9.014223375030465e-05
29,kl_loss_8,8.226324099342565e-05
29,kl_loss_9,0.5082102918947066
29,kl_loss_10,8.84718110633863e-05
29,kl_loss_11,8.24023226930483e-05
29,kl_loss_12,0.08862501434176355
29,kl_loss_13,8.666224249110028e-05
29,kl_loss_14,8.61870200448745e-05
29,kl_loss_15,8.324215666869202e-05
29,kl_loss_16,8.833575742067517e-05
29,kl_loss_17,8.340151854664892e-05
29,kl_loss_18,8.248530982716663e-05
29,kl_loss_19,8.747734230112385e-05
29,kl_loss_20,8.894245366792421e-05
29,kl_loss_21,1.1426732511133761
29,kl_loss_22,0.45223448405394684
29,kl_loss_23,0.5332229114867545
29,kl_loss_24,8.334880191329364e-05
29,kl_loss_25,8.935509501276789e-05
29,kl_loss_26,0.09441348366640709
29,kl_loss_27,7.928624572987492e-05
29,kl_loss_28,8.201017673756626e-05
29,kl_loss_29,7.789555458805045e-05
29,kl_loss_30,8.609202010808764e-05
29,kl_loss_31,1.2785370156571672
29,loss,524.396573618296
30,recon_loss,455.8270870741977
30,kl_loss,4.626273334667247
30,kl_loss_0,8.652292777814211e-05
30,kl_loss_1,0.4896386179231828
30,kl_loss_2,8.458339218651094e-05
30,kl_loss_3,8.342257745924496e-05
30,kl_loss_4,7.822592141887833e-05
30,kl_loss_5,8.897027326247065e-05
30,kl_loss_6,8.887987989451616e-05
30,kl_loss_7,7.766598875644386e-05
30,kl_loss_8,8.546303011356823e-05
30,kl_loss_9,0.5115202979374958
30,kl_loss_10,8.687342802483229e-05
30,kl_loss_11,9.083732967615448e-05
30,kl_loss_12,0.09138778366789382
30,kl_loss_13,9.180728210917403e-05
30,kl_loss_14,8.133355833549974e-05
30,kl_loss_15,8.413155052450395e-05
30,kl_loss_16,8.266798961627227e-05
30,kl_loss_17,8.559689146055971e-05
30,kl_loss_18,9.325631238239747e-05
30,kl_loss_19,9.115179625129508e-05
30,kl_loss_20,9.400024634575652e-05
30,kl_loss_21,1.1614243647744578
30,kl_loss_22,0.45358960650941377
30,kl_loss_23,0.5414933927597538
30,kl_loss_24,9.21642690676675e-05
30,kl_loss_25,8.417120058169609e-05
30,kl_loss_26,0.09678396788896412
30,kl_loss_27,9.284384914183168e-05
30,kl_loss_28,8.787344064643627e-05
30,kl_loss_29,8.882653163445573e-05
30,kl_loss_30,8.672519126326166e-05
30,kl_loss_31,1.2783472941767784
30,loss,529.8474613312752
31,recon_loss,455.5152194115423
31,kl_loss,4.601355025845189
31,kl_loss_0,8.54481640021487e-05
31,kl_loss_1,0.4875376530552423
31,kl_loss_2,8.176965263461875e-05
31,kl_loss_3,8.267204662764906e-05
31,kl_loss_4,8.083910240681582e-05
31,kl_loss_5,8.816961499471819e-05
31,kl_loss_6,8.552640135730467e-05
31,kl_loss_7,9.867510262636407e-05
31,kl_loss_8,7.812809123988114e-05
31,kl_loss_9,0.5077191591262817
31,kl_loss_10,8.16243888449765e-05
31,kl_loss_11,8.67661243925492e-05
31,kl_loss_12,0.08845853025434158
31,kl_loss_13,8.567403976915664e-05
31,kl_loss_14,9.077946249876291e-05
31,kl_loss_15,8.373863879911681e-05
31,kl_loss_16,7.63351137759865e-05
31,kl_loss_17,8.608809276734309e-05
31,kl_loss_18,9.733920551395865e-05
31,kl_loss_19,9.369731364992036e-05
31,kl_loss_20,8.358663293502985e-05
31,kl_loss_21,1.156616331749065
31,kl_loss_22,0.44562252522796714
31,kl_loss_23,0.5343991908975827
31,kl_loss_24,8.372700728115535e-05
31,kl_loss_25,9.271374563135767e-05
31,kl_loss_26,0.09841358966083937
31,kl_loss_27,0.00010003395984450014
31,kl_loss_28,8.79525917992797e-05
31,kl_loss_29,8.004329477747281e-05
31,kl_loss_30,8.67868788660534e-05
31,kl_loss_31,1.2805099339895352
31,loss,529.1368997225197
32,recon_loss,455.2691176219653
32,kl_loss,4.609055284530886
32,kl_loss_0,8.927430001197643e-05
32,kl_loss_1,0.4879286306840117
32,kl_loss_2,8.40187891416492e-05
32,kl_loss_3,8.045083602830286e-05
32,kl_loss_4,8.201063610613346e-05
32,kl_loss_5,9.082903414564107e-05
32,kl_loss_6,8.881290728646902e-05
32,kl_loss_7,9.741051302802178e-05
32,kl_loss_8,9.035254372984812e-05
32,kl_loss_9,0.515513873869373
32,kl_loss_10,8.000740631213111e-05
32,kl_loss_11,8.655965743806733e-05
32,kl_loss_12,0.08739575316067985
32,kl_loss_13,8.894038456742482e-05
32,kl_loss_14,9.048256712655227e-05
32,kl_loss_15,7.68902971940015e-05
32,kl_loss_16,9.164604438488842e-05
32,kl_loss_17,7.835964507032787e-05
32,kl_loss_18,8.465070277452469e-05
32,kl_loss_19,9.552671033288203e-05
32,kl_loss_20,8.763968118376309e-05
32,kl_loss_21,1.1526559940589372
32,kl_loss_22,0.4511393351900962
32,kl_loss_23,0.5388525037034866
32,kl_loss_24,8.144281223736783e-05
32,kl_loss_25,8.084331589039935e-05
32,kl_loss_26,0.09266219688679582
32,kl_loss_27,8.511779859902398e-05
32,kl_loss_28,8.64294950940436e-05
32,kl_loss_29,8.76338641730047e-05
32,kl_loss_30,8.616810013610189e-05
32,kl_loss_31,1.280835497763849
32,loss,529.0140034665344
33,recon_loss,450.96538338609923
33,kl_loss,4.603629014825308
33,kl_loss_0,8.623410136468948e-05
33,kl_loss_1,0.4904829090641391
33,kl_loss_2,8.910697614473682e-05
33,kl_loss_3,7.525776883447041e-05
33,kl_loss_4,9.122345927021195e-05
33,kl_loss_5,9.03552388071373e-05
33,kl_loss_6,8.589139969278407e-05
33,kl_loss_7,8.715707458235244e-05
33,kl_loss_8,9.236191975213187e-05
33,kl_loss_9,0.5095416885870759
33,kl_loss_10,8.083451964882433e-05
33,kl_loss_11,8.845054769828434e-05
33,kl_loss_12,0.08683045170400092
33,kl_loss_13,7.744882285835282e-05
33,kl_loss_14,8.822987932631726e-05
33,kl_loss_15,8.77327546076749e-05
33,kl_loss_16,7.970252835382056e-05
33,kl_loss_17,8.234635285872926e-05
33,kl_loss_18,7.94102758249288e-05
33,kl_loss_19,8.356022293008464e-05
33,kl_loss_20,8.055686409915648e-05
33,kl_loss_21,1.161810992545979
33,kl_loss_22,0.453034104839448
33,kl_loss_23,0.5334605321448337
33,kl_loss_24,8.745332153373828e-05
33,kl_loss_25,7.943340992775335e-05
33,kl_loss_26,0.091620137995129
33,kl_loss_27,8.234308697082984e-05
33,kl_loss_28,8.75255365866006e-05
33,kl_loss_29,7.868833434317381e-05
33,kl_loss_30,8.324444949907321e-05
33,kl_loss_31,1.274823643187041
33,loss,524.6234483616327
34,recon_loss,450.2451140532622
34,kl_loss,4.593888849825473
34,kl_loss_0,7.993844337761402e-05
34,kl_loss_1,0.48463021645674836
34,kl_loss_2,7.871327468672315e-05
34,kl_loss_3,7.943956659653702e-05
34,kl_loss_4,8.143541604481838e-05
34,kl_loss_5,7.600964902824647e-05
34,kl_loss_6,7.993498238155971e-05
34,kl_loss_7,9.13675144516133e-05
34,kl_loss_8,8.936381168864869e-05
34,kl_loss_9,0.5047397695683145
34,kl_loss_10,8.930307057862347e-05
34,kl_loss_11,9.13543249102863e-05
34,kl_loss_12,0.08837051277829183
34,kl_loss_13,7.320340924166345e-05
34,kl_loss_14,8.513801101897214e-05
34,kl_loss_15,8.877035154885537e-05
34,kl_loss_16,8.494349045527947e-05
34,kl_loss_17,9.063654956785408e-05
34,kl_loss_18,8.277985821100506e-05
34,kl_loss_19,8.490677746767934e-05
34,kl_loss_20,8.020501181080534e-05
34,kl_loss_21,1.1634611851460226
34,kl_loss_22,0.4530429411578823
34,kl_loss_23,0.5331508148360897
34,kl_loss_24,8.592841945387221e-05
34,kl_loss_25,8.154864599173134e-05
34,kl_loss_26,0.09544649808793454
34,kl_loss_27,7.370338221458165e-05
34,kl_loss_28,8.322122959873161e-05
34,kl_loss_29,7.696933792652311e-05
34,kl_loss_30,8.606253493879292e-05
34,kl_loss_31,1.269052031233504
34,loss,523.7473362278294
35,recon_loss,448.4961700439453
35,kl_loss,4.568744814524087
35,kl_loss_0,7.884136290960414e-05
35,kl_loss_1,0.4791002195048076
35,kl_loss_2,8.034741791385797e-05
35,kl_loss_3,8.76994786022972e-05
35,kl_loss_4,8.02388825323633e-05
35,kl_loss_5,7.604556007971687e-05
35,kl_loss_6,7.661514269608644e-05
35,kl_loss_7,7.782126176020791e-05
35,kl_loss_8,8.062503465841855e-05
35,kl_loss_9,0.4992402066146174
35,kl_loss_10,7.98465115749227e-05
35,kl_loss_11,8.25041106411366e-05
35,kl_loss_12,0.08416254417870635
35,kl_loss_13,8.747395082947708e-05
35,kl_loss_14,8.071890671647364e-05
35,kl_loss_15,7.849347011576737e-05
35,kl_loss_16,8.315508008523975e-05
35,kl_loss_17,7.667817721163393e-05
35,kl_loss_18,8.929385903782101e-05
35,kl_loss_19,8.313220635216724e-05
35,kl_loss_20,8.065042696813101e-05
35,kl_loss_21,1.1624708768501077
35,kl_loss_22,0.4486100889982716
35,kl_loss_23,0.5256481137006513
35,kl_loss_24,7.493219899153838e-05
35,kl_loss_25,7.965500461518444e-05
35,kl_loss_26,0.0921698029062921
35,kl_loss_27,8.7065584657173e-05
35,kl_loss_28,8.159992159895038e-05
35,kl_loss_29,9.111819979083794e-05
35,kl_loss_30,9.498090147771823e-05
35,kl_loss_31,1.2753734139985935
35,loss,521.5960882043325
36,recon_loss,455.92045314337616
36,kl_loss,4.635083717684592
36,kl_loss_0,7.552461278054022e-05
36,kl_loss_1,0.4914940960945622
36,kl_loss_2,8.637834871087664e-05
36,kl_loss_3,8.459970660467623e-05
36,kl_loss_4,8.057952127469484e-05
36,kl_loss_5,8.748272328727668e-05
36,kl_loss_6,7.9959980212152e-05
36,kl_loss_7,7.764181317461114e-05
36,kl_loss_8,8.843202639611499e-05
36,kl_loss_9,0.5094719167037677
36,kl_loss_10,7.331263904850329e-05
36,kl_loss_11,8.257236757305681e-05
36,kl_loss_12,0.08618680008196382
36,kl_loss_13,7.836806577860668e-05
36,kl_loss_14,8.768709476596565e-05
36,kl_loss_15,9.380488641439907e-05
36,kl_loss_16,8.755421356087731e-05
36,kl_loss_17,7.747682512447398e-05
36,kl_loss_18,8.149448687070479e-05
36,kl_loss_19,8.89986322852232e-05
36,kl_loss_20,8.573550956263657e-05
36,kl_loss_21,1.1649257694521258
36,kl_loss_22,0.4601521155526561
36,kl_loss_23,0.5401973468001171
36,kl_loss_24,8.068440271721732e-05
36,kl_loss_25,8.032758099337418e-05
36,kl_loss_26,0.09490426874128721
36,kl_loss_27,8.193898810854842e-05
36,kl_loss_28,8.367625270439412e-05
36,kl_loss_29,8.388512682730472e-05
36,kl_loss_30,9.111748878113044e-05
36,kl_loss_31,1.2857521900566675
36,loss,530.081794164514
37,recon_loss,451.3905746295888
37,kl_loss,4.588458147100223
37,kl_loss_0,8.437428648473435e-05
37,kl_loss_1,0.4884491080558428
37,kl_loss_2,7.697721562718832e-05
37,kl_loss_3,8.170113032583588e-05
37,kl_loss_4,7.933731471258466e-05
37,kl_loss_5,8.386743670549764e-05
37,kl_loss_6,8.287112559041669e-05
37,kl_loss_7,8.947529544633242e-05
37,kl_loss_8,7.905637324657492e-05
37,kl_loss_9,0.5030963885527785
37,kl_loss_10,7.941740970577925e-05
37,kl_loss_11,7.759929153948061e-05
37,kl_loss_12,0.0819516303718731
37,kl_loss_13,7.972475241429062e-05
37,kl_loss_14,8.549420313248711e-05
37,kl_loss_15,8.613915653318488e-05
37,kl_loss_16,8.335824735382552e-05
37,kl_loss_17,8.231777477488722e-05
37,kl_loss_18,8.159692985035719e-05
37,kl_loss_19,7.85667854811876e-05
37,kl_loss_20,8.921991152468549e-05
37,kl_loss_21,1.1595311735265998
37,kl_loss_22,0.45273162200245803
37,kl_loss_23,0.5290724862647312
37,kl_loss_24,8.369660911260433e-05
37,kl_loss_25,8.311412066862148e-05
37,kl_loss_26,0.09433821677881223
37,kl_loss_27,8.851961578212439e-05
37,kl_loss_28,7.926136185164733e-05
37,kl_loss_29,8.138874670871163e-05
37,kl_loss_30,8.180545222374701e-05
37,kl_loss_31,1.2773086197914616
37,loss,524.805905085738
38,recon_loss,454.28621698194934
38,kl_loss,4.633508875805845
38,kl_loss_0,8.369026009634298e-05
38,kl_loss_1,0.49129224031843166
38,kl_loss_2,7.868914299153833e-05
38,kl_loss_3,7.943761464889331e-05
38,kl_loss_4,8.293341154292707e-05
38,kl_loss_5,9.48041892780732e-05
38,kl_loss_6,8.238734857689949e-05
38,kl_loss_7,8.376929358208692e-05
38,kl_loss_8,8.451183556869466e-05
38,kl_loss_9,0.5126516540204326
38,kl_loss_10,9.207906431808907e-05
38,kl_loss_11,9.238205334391965e-05
38,kl_loss_12,0.08541411322651692
38,kl_loss_13,8.565906600485886e-05
38,kl_loss_14,7.682064327821936e-05
38,kl_loss_15,8.148777233536846e-05
38,kl_loss_16,8.120014136957545e-05
38,kl_loss_17,8.858158127955532e-05
38,kl_loss_18,8.441201506322751e-05
38,kl_loss_19,8.403759334556838e-05
38,kl_loss_20,8.159175750509065e-05
38,kl_loss_21,1.1681702194675323
38,kl_loss_22,0.4618493438728394
38,kl_loss_23,0.5338465066686753
38,kl_loss_24,8.384985173301351e-05
38,kl_loss_25,8.097750645491385e-05
38,kl_loss_26,0.09600691142822465
38,kl_loss_27,8.633780112910656e-05
38,kl_loss_28,8.406415982272035e-05
38,kl_loss_29,8.527794226963995e-05
38,kl_loss_30,8.478982534299614e-05
38,kl_loss_31,1.2822540953595152
38,loss,528.422360163863
39,recon_loss,454.9400263605891
39,kl_loss,4.610356703320065
39,kl_loss_0,8.059538447776356e-05
39,kl_loss_1,0.4871365286208488
39,kl_loss_2,8.027768643522584e-05
39,kl_loss_3,9.426872145283867e-05
39,kl_loss_4,8.145342580974102e-05
39,kl_loss_5,8.278892476212334e-05
39,kl_loss_6,8.080486032004292e-05
39,kl_loss_7,8.457890409674193e-05
39,kl_loss_8,8.23085435439606e-05
39,kl_loss_9,0.5113622594524074
39,kl_loss_10,9.103244220888292e-05
39,kl_loss_11,8.2948971288027e-05
39,kl_loss_12,0.0819961738646836
39,kl_loss_13,8.800509637473403e-05
39,kl_loss_14,7.412518953552117e-05
39,kl_loss_15,8.838016766350011e-05
39,kl_loss_16,8.312985049308957e-05
39,kl_loss_17,9.648006132526977e-05
39,kl_loss_18,8.693180751760264e-05
39,kl_loss_19,8.897230759061672e-05
39,kl_loss_20,8.546289408931862e-05
39,kl_loss_21,1.163915590659992
39,kl_loss_22,0.45190726728052705
39,kl_loss_23,0.5363895707839245
39,kl_loss_24,8.458422647940146e-05
39,kl_loss_25,8.018803153489087e-05
39,kl_loss_26,0.09380440870048226
39,kl_loss_27,8.502083050238119e-05
39,kl_loss_28,7.938165595201222e-05
39,kl_loss_29,7.871208284553644e-05
39,kl_loss_30,8.386010178238959e-05
39,kl_loss_31,1.2818206149178581
39,loss,528.7057320259713
